<?xml version="1.0" encoding="UTF-8"?>
<!-- Generated by org.testng.reporters.JUnitXMLReporter -->
<testsuite hostname="PC338382" name="CSG Test Casess(failed)" tests="9" failures="9" timestamp="14 Jul 2016 13:03:07 GMT" time="1.185" errors="0">
  <testcase name="get_GlossaryContentWithValidIndexId_01" time="0.629" classname="com.pearson.tests.TC002_GlossarySearchTests">
    <failure type="java.lang.AssertionError" message="null">
      <![CDATA[java.lang.AssertionError: null
	at com.pearson.tests.TC002_GlossarySearchTests.get_GlossaryContentWithValidIndexId_01(TC002_GlossarySearchTests.java:263)
Caused by: java.lang.NullPointerException
	at com.pearson.pageobjects.GlossaryControllerRequest.cm_GlossaryContentWithValidIndexId_01Validate(GlossaryControllerRequest.java:208)
	at com.pearson.tests.TC002_GlossarySearchTests.get_GlossaryContentWithValidIndexId_01(TC002_GlossarySearchTests.java:258)
	... 24 more
... Removed 25 stack frames]]>
    </failure>
  </testcase> <!-- get_GlossaryContentWithValidIndexId_01 -->
  <testcase name="get_mul_GlossaryContentWithValidIndexIdandGlossaryKey_02" time="0.092" classname="com.pearson.tests.TC002_GlossarySearchTests">
    <failure type="java.lang.AssertionError" message="null">
      <![CDATA[java.lang.AssertionError: null
	at com.pearson.tests.TC002_GlossarySearchTests.get_mul_GlossaryContentWithValidIndexIdandGlossaryKey_02(TC002_GlossarySearchTests.java:110)
Caused by: java.lang.NullPointerException
	at com.pearson.pageobjects.GlossaryControllerRequest.cm_GlossaryContentWithValidIndexIdandGlossaryKey(GlossaryControllerRequest.java:98)
	at com.pearson.tests.TC002_GlossarySearchTests.get_mul_GlossaryContentWithValidIndexIdandGlossaryKey_02(TC002_GlossarySearchTests.java:105)
	... 24 more
... Removed 25 stack frames]]>
    </failure>
  </testcase> <!-- get_mul_GlossaryContentWithValidIndexIdandGlossaryKey_02 -->
  <testcase name="cm_getGlossarySearch_API" time="0.08" classname="com.pearson.tests.TC002_GlossarySearchTests">
    <failure type="java.lang.AssertionError" message="null">
      <![CDATA[java.lang.AssertionError: null
	at com.pearson.tests.TC002_GlossarySearchTests.cm_getGlossarySearch_API(TC002_GlossarySearchTests.java:33)
Caused by: java.lang.NullPointerException
	at com.pearson.pageobjects.GlossaryControllerRequest.cm_GlossarySearchResponseValidate(GlossaryControllerRequest.java:23)
	at com.pearson.tests.TC002_GlossarySearchTests.cm_getGlossarySearch_API(TC002_GlossarySearchTests.java:28)
	... 24 more
... Removed 25 stack frames]]>
    </failure>
  </testcase> <!-- cm_getGlossarySearch_API -->
  <testcase name="cm_get_GlossarySearchWithSpecificKey" time="0.061" classname="com.pearson.tests.TC002_GlossarySearchTests">
    <failure type="java.lang.AssertionError" message="null">
      <![CDATA[java.lang.AssertionError: null
	at com.pearson.tests.TC002_GlossarySearchTests.cm_get_GlossarySearchWithSpecificKey(TC002_GlossarySearchTests.java:91)
Caused by: java.lang.NullPointerException
	at com.pearson.pageobjects.GlossaryControllerRequest.cm_GlossarySearchWithSpecificKeyResponseValidate(GlossaryControllerRequest.java:71)
	at com.pearson.tests.TC002_GlossarySearchTests.cm_get_GlossarySearchWithSpecificKey(TC002_GlossarySearchTests.java:86)
	... 24 more
... Removed 25 stack frames]]>
    </failure>
  </testcase> <!-- cm_get_GlossarySearchWithSpecificKey -->
  <testcase name="get_GlossaryContentWithValidIndexIdAndValidGlossaryKey_02" time="0.062" classname="com.pearson.tests.TC002_GlossarySearchTests">
    <failure type="java.lang.AssertionError" message="null">
      <![CDATA[java.lang.AssertionError: null
	at com.pearson.tests.TC002_GlossarySearchTests.get_GlossaryContentWithValidIndexIdAndValidGlossaryKey_02(TC002_GlossarySearchTests.java:301)
Caused by: java.lang.NullPointerException
	at com.pearson.pageobjects.GlossaryControllerRequest.cm_GlossaryContentWithValidIndexIdAndValidGlossaryKey_02(GlossaryControllerRequest.java:240)
	at com.pearson.tests.TC002_GlossarySearchTests.get_GlossaryContentWithValidIndexIdAndValidGlossaryKey_02(TC002_GlossarySearchTests.java:296)
	... 24 more
... Removed 25 stack frames]]>
    </failure>
  </testcase> <!-- get_GlossaryContentWithValidIndexIdAndValidGlossaryKey_02 -->
  <testcase name="get_mul_GlossaryContentWithValidIndexId_01" time="0.053" classname="com.pearson.tests.TC002_GlossarySearchTests">
    <failure type="java.lang.AssertionError" message="null">
      <![CDATA[java.lang.AssertionError: null
	at com.pearson.tests.TC002_GlossarySearchTests.get_mul_GlossaryContentWithValidIndexId_01(TC002_GlossarySearchTests.java:225)
Caused by: java.lang.NullPointerException
	at com.pearson.pageobjects.GlossaryControllerRequest.cm_GlossaryContentWithValidIndexId_01(GlossaryControllerRequest.java:176)
	at com.pearson.tests.TC002_GlossarySearchTests.get_mul_GlossaryContentWithValidIndexId_01(TC002_GlossarySearchTests.java:220)
	... 24 more
... Removed 25 stack frames]]>
    </failure>
  </testcase> <!-- get_mul_GlossaryContentWithValidIndexId_01 -->
  <testcase name="get_mul_GlossaryContentWithValidIndexIdAndvalidGlossaryKey_02" time="0.061" classname="com.pearson.tests.TC002_GlossarySearchTests">
    <failure type="java.lang.AssertionError" message="null">
      <![CDATA[java.lang.AssertionError: null
	at com.pearson.tests.TC002_GlossarySearchTests.get_mul_GlossaryContentWithValidIndexIdAndvalidGlossaryKey_02(TC002_GlossarySearchTests.java:244)
Caused by: java.lang.NullPointerException
	at com.pearson.pageobjects.GlossaryControllerRequest.cm_GlossaryContentWithValidIndexIdAndvalidGlossaryKey_02(GlossaryControllerRequest.java:192)
	at com.pearson.tests.TC002_GlossarySearchTests.get_mul_GlossaryContentWithValidIndexIdAndvalidGlossaryKey_02(TC002_GlossarySearchTests.java:239)
	... 24 more
... Removed 25 stack frames]]>
    </failure>
  </testcase> <!-- get_mul_GlossaryContentWithValidIndexIdAndvalidGlossaryKey_02 -->
  <testcase name="get_mul_GlossaryValidLang_05" time="0.038" classname="com.pearson.tests.TC002_GlossarySearchTests">
    <failure type="java.lang.AssertionError" message="null">
      <![CDATA[java.lang.AssertionError: null
	at com.pearson.tests.TC002_GlossarySearchTests.get_mul_GlossaryValidLang_05(TC002_GlossarySearchTests.java:187)
Caused by: java.lang.NullPointerException
	at com.pearson.pageobjects.GlossaryControllerRequest.cm_GlossaryValidLang_05_ResponseValidate(GlossaryControllerRequest.java:161)
	at com.pearson.tests.TC002_GlossarySearchTests.get_mul_GlossaryValidLang_05(TC002_GlossarySearchTests.java:182)
	... 24 more
... Removed 25 stack frames]]>
    </failure>
  </testcase> <!-- get_mul_GlossaryValidLang_05 -->
  <testcase name="get_trd_GlossaryContentWithValidIndexId_07" time="0.045" classname="com.pearson.tests.TC002_GlossarySearchTests">
    <failure type="java.lang.AssertionError" message="null">
      <![CDATA[java.lang.AssertionError: null
	at com.pearson.tests.TC002_GlossarySearchTests.get_trd_GlossaryContentWithValidIndexId_07(TC002_GlossarySearchTests.java:206)
Caused by: java.lang.NullPointerException
	at com.pearson.pageobjects.GlossaryControllerRequest.cm_trd_GlossaryContentWithValidIndexId_07ResponseValidate(GlossaryControllerRequest.java:272)
	at com.pearson.tests.TC002_GlossarySearchTests.get_trd_GlossaryContentWithValidIndexId_07(TC002_GlossarySearchTests.java:201)
	... 24 more
... Removed 25 stack frames]]>
    </failure>
  </testcase> <!-- get_trd_GlossaryContentWithValidIndexId_07 -->
</testsuite> <!-- CSG Test Casess(failed) -->
