<?xml version="1.0" encoding="UTF-8"?>
<!-- Generated by org.testng.reporters.JUnitXMLReporter -->
<testsuite hostname="PC338382" name="CSG Test Cases(failed)" tests="7" failures="7" timestamp="14 Jul 2016 13:03:07 GMT" time="0.456" errors="0">
  <testcase name="get_mul_GlossaryValidIndexIdAndInvalidGlossaryKey_04" time="0.089" classname="com.pearson.tests.TC002_GlossarySearchTests">
    <failure type="java.lang.AssertionError" message="null">
      <![CDATA[java.lang.AssertionError: null
	at com.pearson.tests.TC002_GlossarySearchTests.get_mul_GlossaryValidIndexIdAndInvalidGlossaryKey_04(TC002_GlossarySearchTests.java:168)
Caused by: java.lang.NullPointerException
	at com.pearson.pageobjects.GlossaryControllerRequest.cm_GlossaryValidIndexIdAndInvalidGlossaryKey_04_ResponseValidate(GlossaryControllerRequest.java:146)
	at com.pearson.tests.TC002_GlossarySearchTests.get_mul_GlossaryValidIndexIdAndInvalidGlossaryKey_04(TC002_GlossarySearchTests.java:162)
	... 24 more
... Removed 25 stack frames]]>
    </failure>
  </testcase> <!-- get_mul_GlossaryValidIndexIdAndInvalidGlossaryKey_04 -->
  <testcase name="get_mul_GlossaryContentWithInvalidIndexId_03" time="0.044" classname="com.pearson.tests.TC002_GlossarySearchTests">
    <failure type="java.lang.AssertionError" message="null">
      <![CDATA[java.lang.AssertionError: null
	at com.pearson.tests.TC002_GlossarySearchTests.get_mul_GlossaryContentWithInvalidIndexId_03(TC002_GlossarySearchTests.java:129)
Caused by: java.lang.NullPointerException
	at com.pearson.pageobjects.GlossaryControllerRequest.cm_mul_GlossaryContentWithInValidIndexId_03_ResponseValidate(GlossaryControllerRequest.java:114)
	at com.pearson.tests.TC002_GlossarySearchTests.get_mul_GlossaryContentWithInvalidIndexId_03(TC002_GlossarySearchTests.java:124)
	... 24 more
... Removed 25 stack frames]]>
    </failure>
  </testcase> <!-- get_mul_GlossaryContentWithInvalidIndexId_03 -->
  <testcase name="cm_getGlossarySearchWithNullIndexId" time="0.079" classname="com.pearson.tests.TC002_GlossarySearchTests">
    <failure type="java.lang.AssertionError" message="null">
      <![CDATA[java.lang.AssertionError: null
	at com.pearson.tests.TC002_GlossarySearchTests.cm_getGlossarySearchWithNullIndexId(TC002_GlossarySearchTests.java:72)
Caused by: java.lang.NullPointerException
	at com.pearson.pageobjects.GlossaryControllerRequest.cm_GlossarySearchWithNullIndexIdResponseValidate(GlossaryControllerRequest.java:55)
	at com.pearson.tests.TC002_GlossarySearchTests.cm_getGlossarySearchWithNullIndexId(TC002_GlossarySearchTests.java:67)
	... 24 more
... Removed 25 stack frames]]>
    </failure>
  </testcase> <!-- cm_getGlossarySearchWithNullIndexId -->
  <testcase name="get_GlossaryContentWithInvalidIndexId_03" time="0.054" classname="com.pearson.tests.TC002_GlossarySearchTests">
    <failure type="java.lang.AssertionError" message="null">
      <![CDATA[java.lang.AssertionError: null
	at com.pearson.tests.TC002_GlossarySearchTests.get_GlossaryContentWithInvalidIndexId_03(TC002_GlossarySearchTests.java:320)
Caused by: java.lang.NullPointerException
	at com.pearson.pageobjects.GlossaryControllerRequest.cm_GlossaryContentWithInvalidIndexId_03_ResponseValidate(GlossaryControllerRequest.java:256)
	at com.pearson.tests.TC002_GlossarySearchTests.get_GlossaryContentWithInvalidIndexId_03(TC002_GlossarySearchTests.java:315)
	... 24 more
... Removed 25 stack frames]]>
    </failure>
  </testcase> <!-- get_GlossaryContentWithInvalidIndexId_03 -->
  <testcase name="cm_getGlossarySearchWithInvalidIndexId" time="0.052" classname="com.pearson.tests.TC002_GlossarySearchTests">
    <failure type="java.lang.AssertionError" message="null">
      <![CDATA[java.lang.AssertionError: null
	at com.pearson.tests.TC002_GlossarySearchTests.cm_getGlossarySearchWithInvalidIndexId(TC002_GlossarySearchTests.java:52)
Caused by: java.lang.NullPointerException
	at com.pearson.pageobjects.GlossaryControllerRequest.cm_GlossarySearchWithInvalidIndexIdResponseValidate(GlossaryControllerRequest.java:39)
	at com.pearson.tests.TC002_GlossarySearchTests.cm_getGlossarySearchWithInvalidIndexId(TC002_GlossarySearchTests.java:47)
	... 24 more
... Removed 25 stack frames]]>
    </failure>
  </testcase> <!-- cm_getGlossarySearchWithInvalidIndexId -->
  <testcase name="get_GlossaryContentWithValidIndexIdAndInvalidGlossaryKey_04" time="0.077" classname="com.pearson.tests.TC002_GlossarySearchTests">
    <failure type="java.lang.AssertionError" message="null">
      <![CDATA[java.lang.AssertionError: null
	at com.pearson.tests.TC002_GlossarySearchTests.get_GlossaryContentWithValidIndexIdAndInvalidGlossaryKey_04(TC002_GlossarySearchTests.java:282)
Caused by: java.lang.NullPointerException
	at com.pearson.pageobjects.GlossaryControllerRequest.cm_GlossaryContentWithValidIndexIdAndInvalidGlossaryKey_04(GlossaryControllerRequest.java:224)
	at com.pearson.tests.TC002_GlossarySearchTests.get_GlossaryContentWithValidIndexIdAndInvalidGlossaryKey_04(TC002_GlossarySearchTests.java:277)
	... 24 more
... Removed 25 stack frames]]>
    </failure>
  </testcase> <!-- get_GlossaryContentWithValidIndexIdAndInvalidGlossaryKey_04 -->
  <testcase name="get_mul_GlossaryContentWithInvalidLang_06" time="0.037" classname="com.pearson.tests.TC002_GlossarySearchTests">
    <failure type="java.lang.AssertionError" message="null">
      <![CDATA[java.lang.AssertionError: null
	at com.pearson.tests.TC002_GlossarySearchTests.get_mul_GlossaryContentWithInvalidLang_06(TC002_GlossarySearchTests.java:148)
Caused by: java.lang.NullPointerException
	at com.pearson.pageobjects.GlossaryControllerRequest.cm_GlossaryContentWithInValidLang_06_ResponseValidate(GlossaryControllerRequest.java:130)
	at com.pearson.tests.TC002_GlossarySearchTests.get_mul_GlossaryContentWithInvalidLang_06(TC002_GlossarySearchTests.java:143)
	... 24 more
... Removed 25 stack frames]]>
    </failure>
  </testcase> <!-- get_mul_GlossaryContentWithInvalidLang_06 -->
</testsuite> <!-- CSG Test Cases(failed) -->
