<?xml version="1.0" encoding="UTF-8"?>
<!-- Generated by org.testng.reporters.JUnitXMLReporter -->
<testsuite hostname="PC338382" name="CSG Test Casess(failed)(failed)" tests="9" failures="1" timestamp="14 Jul 2016 13:07:14 GMT" time="55.801" errors="0">
  <testcase name="get_GlossaryContentWithValidIndexId_01" time="9.13" classname="com.pearson.tests.TC002_GlossarySearchTests"/>
  <testcase name="get_mul_GlossaryContentWithValidIndexIdandGlossaryKey_02" time="7.061" classname="com.pearson.tests.TC002_GlossarySearchTests"/>
  <testcase name="cm_getGlossarySearch_API" time="6.418" classname="com.pearson.tests.TC002_GlossarySearchTests"/>
  <testcase name="cm_get_GlossarySearchWithSpecificKey" time="1.387" classname="com.pearson.tests.TC002_GlossarySearchTests">
    <failure type="java.lang.AssertionError" message="expected [{&amp;quot;indexId&amp;quot;:&amp;quot;b544cc0f558bde70b15268eb55c9b55c&amp;quot;,&amp;quot;glossary&amp;quot;:{&amp;quot;p7000496031000000000000000005a87&amp;quot;:{&amp;quot;term&amp;quot;:&amp;quot;absorption&amp;quot;,&amp;quot;meaning&amp;quot;:&amp;quot;The physiologic process by which molecules of food are taken from the GI tract into the body.&amp;quot;}}}] but found [{&amp;quot;indexId&amp;quot;:&amp;quot;5f52c125d0c44f9559ea9108420ebdc6\n&amp;quot;,&amp;quot;glossary&amp;quot;:null}]">
      <![CDATA[java.lang.AssertionError: expected [{"indexId":"b544cc0f558bde70b15268eb55c9b55c","glossary":{"p7000496031000000000000000005a87":{"term":"absorption","meaning":"The physiologic process by which molecules of food are taken from the GI tract into the body."}}}] but found [{"indexId":"5f52c125d0c44f9559ea9108420ebdc6\n","glossary":null}]
	at com.pearson.regression.utilityHelpers.ResponseValidator.compareJsonResponse(ResponseValidator.java:47)
	at com.pearson.pageobjects.GlossaryControllerRequest.cm_GlossarySearchWithSpecificKeyResponseValidate(GlossaryControllerRequest.java:82)
	at com.pearson.tests.TC002_GlossarySearchTests.cm_get_GlossarySearchWithSpecificKey(TC002_GlossarySearchTests.java:86)
... Removed 28 stack frames]]>
    </failure>
  </testcase> <!-- cm_get_GlossarySearchWithSpecificKey -->
  <testcase name="get_GlossaryContentWithValidIndexIdAndValidGlossaryKey_02" time="6.337" classname="com.pearson.tests.TC002_GlossarySearchTests"/>
  <testcase name="get_mul_GlossaryContentWithValidIndexId_01" time="6.373" classname="com.pearson.tests.TC002_GlossarySearchTests"/>
  <testcase name="get_mul_GlossaryContentWithValidIndexIdAndvalidGlossaryKey_02" time="6.316" classname="com.pearson.tests.TC002_GlossarySearchTests"/>
  <testcase name="get_mul_GlossaryValidLang_05" time="6.29" classname="com.pearson.tests.TC002_GlossarySearchTests"/>
  <testcase name="get_trd_GlossaryContentWithValidIndexId_07" time="6.412" classname="com.pearson.tests.TC002_GlossarySearchTests"/>
</testsuite> <!-- CSG Test Casess(failed)(failed) -->
