<?xml version="1.0" encoding="UTF-8"?>
<!-- Generated by org.testng.reporters.JUnitXMLReporter -->
<testsuite hostname="PC338382" name="CSG Test Cases(failed)(failed)" tests="7" failures="0" timestamp="14 Jul 2016 13:07:33 GMT" time="19.313" errors="0">
  <testcase name="get_mul_GlossaryValidIndexIdAndInvalidGlossaryKey_04" time="1.269" classname="com.pearson.tests.TC002_GlossarySearchTests"/>
  <testcase name="get_mul_GlossaryContentWithInvalidIndexId_03" time="1.266" classname="com.pearson.tests.TC002_GlossarySearchTests"/>
  <testcase name="cm_getGlossarySearchWithNullIndexId" time="1.291" classname="com.pearson.tests.TC002_GlossarySearchTests"/>
  <testcase name="get_GlossaryContentWithInvalidIndexId_03" time="6.335" classname="com.pearson.tests.TC002_GlossarySearchTests"/>
  <testcase name="cm_getGlossarySearchWithInvalidIndexId" time="1.256" classname="com.pearson.tests.TC002_GlossarySearchTests"/>
  <testcase name="get_GlossaryContentWithValidIndexIdAndInvalidGlossaryKey_04" time="6.552" classname="com.pearson.tests.TC002_GlossarySearchTests"/>
  <testcase name="get_mul_GlossaryContentWithInvalidLang_06" time="1.321" classname="com.pearson.tests.TC002_GlossarySearchTests"/>
</testsuite> <!-- CSG Test Cases(failed)(failed) -->
