<?xml version="1.0" encoding="UTF-8"?>
<!-- Generated by org.testng.reporters.JUnitXMLReporter -->
<testsuite hostname="PC338382" name="CSG Test Casess(failed)(failed)(failed)" tests="1" failures="1" timestamp="14 Jul 2016 13:10:01 GMT" time="3.4" errors="0">
  <testcase name="cm_get_GlossarySearchWithSpecificKey" time="3.377" classname="com.pearson.tests.TC002_GlossarySearchTests">
    <failure type="java.lang.AssertionError" message="expected [{&amp;quot;indexId&amp;quot;:&amp;quot;b544cc0f558bde70b15268eb55c9b55c&amp;quot;,&amp;quot;glossary&amp;quot;:{&amp;quot;p7000496031000000000000000005a87&amp;quot;:{&amp;quot;term&amp;quot;:&amp;quot;absorption&amp;quot;,&amp;quot;meaning&amp;quot;:&amp;quot;The physiologic process by which molecules of food are taken from the GI tract into the body.&amp;quot;}}}] but found [{&amp;quot;indexId&amp;quot;:&amp;quot;5f52c125d0c44f9559ea9108420ebdc6\n&amp;quot;,&amp;quot;glossary&amp;quot;:null}]">
      <![CDATA[java.lang.AssertionError: expected [{"indexId":"b544cc0f558bde70b15268eb55c9b55c","glossary":{"p7000496031000000000000000005a87":{"term":"absorption","meaning":"The physiologic process by which molecules of food are taken from the GI tract into the body."}}}] but found [{"indexId":"5f52c125d0c44f9559ea9108420ebdc6\n","glossary":null}]
	at com.pearson.regression.utilityHelpers.ResponseValidator.compareJsonResponse(ResponseValidator.java:47)
	at com.pearson.pageobjects.GlossaryControllerRequest.cm_GlossarySearchWithSpecificKeyResponseValidate(GlossaryControllerRequest.java:82)
	at com.pearson.tests.TC002_GlossarySearchTests.cm_get_GlossarySearchWithSpecificKey(TC002_GlossarySearchTests.java:89)
... Removed 28 stack frames]]>
    </failure>
  </testcase> <!-- cm_get_GlossarySearchWithSpecificKey -->
</testsuite> <!-- CSG Test Casess(failed)(failed)(failed) -->
