<?xml version="1.0" encoding="UTF-8"?>
<!-- Generated by org.testng.reporters.JUnitReportReporter -->
<testsuite hostname="PC335110" name="com.pearson.tests.TC003_V2SearchSingleFacetTest" tests="199" failures="0" timestamp="13 Jan 2017 10:09:10 GMT" time="1081.948" errors="6">
  <testcase name="singleSpecificField_V2SearchSingleFacet_GET" time="6.760" classname="com.pearson.tests.TC003_V2SearchSingleFacetTest"/>
  <testcase name="specificFielsAndLogic_V2SearchSingleFacet_POST" time="5.724" classname="com.pearson.tests.TC003_V2SearchSingleFacetTest"/>
  <testcase name="multipleSpecificFieldWildCard_V2SearchSingleFacet_POST" time="3.238" classname="com.pearson.tests.TC003_V2SearchSingleFacetTest"/>
  <testcase name="logicalOperator_V2SearchSingleFacet_GET" time="3.364" classname="com.pearson.tests.TC003_V2SearchSingleFacetTest"/>
  <testcase name="logicalOperator_V2SearchSingleFacet_POST" time="4.964" classname="com.pearson.tests.TC003_V2SearchSingleFacetTest"/>
  <testcase name="singleSpecificField_V2SearchSingleFacet_GET" time="3.215" classname="com.pearson.tests.TC003_V2SearchSingleFacetTest"/>
  <testcase name="specificFielsAndLogic_V2SearchSingleFacet_POST" time="3.132" classname="com.pearson.tests.TC003_V2SearchSingleFacetTest"/>
  <testcase name="logicalOperator_V2SearchSingleFacet_GET" time="10.209" classname="com.pearson.tests.TC003_V2SearchSingleFacetTest"/>
  <testcase name="logicalOperator_V2SearchSingleFacet_POST" time="4.904" classname="com.pearson.tests.TC003_V2SearchSingleFacetTest"/>
  <testcase name="multipleSpecificFieldWildCard_V2SearchSingleFacet_GET" time="6.930" classname="com.pearson.tests.TC003_V2SearchSingleFacetTest"/>
  <testcase name="multipleSpecificFieldWildCard_exactPharse_V2SearchSingleFacet_POST" time="3.174" classname="com.pearson.tests.TC003_V2SearchSingleFacetTest"/>
  <testcase name="logicalOperator_V2SearchSingleFacet_POST" time="6.390" classname="com.pearson.tests.TC003_V2SearchSingleFacetTest"/>
  <testcase name="logicalOperator_V2SearchSingleFacet_POST" time="3.596" classname="com.pearson.tests.TC003_V2SearchSingleFacetTest"/>
  <testcase name="multiSpecificField_V2SearchSingleFacet_POST" time="3.204" classname="com.pearson.tests.TC003_V2SearchSingleFacetTest"/>
  <testcase name="logicalOperator_V2SearchSingleFacet_GET" time="4.882" classname="com.pearson.tests.TC003_V2SearchSingleFacetTest"/>
  <testcase name="singleSpecificField_V2SearchSingleFacet_GET" time="4.618" classname="com.pearson.tests.TC003_V2SearchSingleFacetTest"/>
  <testcase name="logicalOperator_V2SearchSingleFacet_GET" time="9.738" classname="com.pearson.tests.TC003_V2SearchSingleFacetTest"/>
  <testcase name="logicalOperator_V2SearchSingleFacet_POST" time="10.659" classname="com.pearson.tests.TC003_V2SearchSingleFacetTest"/>
  <testcase name="specificFielsAndLogic_V2SearchSingleFacet_POST" time="3.181" classname="com.pearson.tests.TC003_V2SearchSingleFacetTest"/>
  <testcase name="multipleSpecificFieldWildCard_exactPharse_V2SearchSingleFacet_GET" time="3.222" classname="com.pearson.tests.TC003_V2SearchSingleFacetTest"/>
  <testcase name="logicalOperator_V2SearchSingleFacet_GET" time="3.584" classname="com.pearson.tests.TC003_V2SearchSingleFacetTest"/>
  <testcase name="logicalOperator_V2SearchSingleFacet_POST" time="5.485" classname="com.pearson.tests.TC003_V2SearchSingleFacetTest"/>
  <testcase name="specificFielsAndLogic_V2SearchSingleFacet_POST" time="5.041" classname="com.pearson.tests.TC003_V2SearchSingleFacetTest"/>
  <testcase name="specificFielsAndLogic_V2SearchSingleFacet_POST" time="3.115" classname="com.pearson.tests.TC003_V2SearchSingleFacetTest"/>
  <testcase name="logicalOperator_V2SearchSingleFacet_GET" time="3.806" classname="com.pearson.tests.TC003_V2SearchSingleFacetTest"/>
  <testcase name="multipleSpecificFieldWildCard_exactPharse_V2SearchSingleFacet_GET" time="3.145" classname="com.pearson.tests.TC003_V2SearchSingleFacetTest"/>
  <testcase name="specificFielsAndLogic_V2SearchSingleFacet_POST" time="3.706" classname="com.pearson.tests.TC003_V2SearchSingleFacetTest"/>
  <testcase name="logicalOperator_V2SearchSingleFacet_GET" time="5.185" classname="com.pearson.tests.TC003_V2SearchSingleFacetTest"/>
  <testcase name="logicalOperator_V2SearchSingleFacet_GET" time="3.455" classname="com.pearson.tests.TC003_V2SearchSingleFacetTest"/>
  <testcase name="singleSpecificField_V2SearchSingleFacet_GET" time="3.156" classname="com.pearson.tests.TC003_V2SearchSingleFacetTest"/>
  <testcase name="singleSpecificField_V2SearchSingleFacet_GET" time="10.982" classname="com.pearson.tests.TC003_V2SearchSingleFacetTest"/>
  <testcase name="specificFielsAndLogic_V2SearchSingleFacet_POST" time="3.180" classname="com.pearson.tests.TC003_V2SearchSingleFacetTest"/>
  <testcase name="logicalOperator_V2SearchSingleFacet_POST" time="3.307" classname="com.pearson.tests.TC003_V2SearchSingleFacetTest"/>
  <testcase name="specificFielsAndLogic_V2SearchSingleFacet_POST" time="29.194" classname="com.pearson.tests.TC003_V2SearchSingleFacetTest"/>
  <testcase name="multiSpecificField_V2SearchSingleFacet_POST_SchemaValidate" time="4.230" classname="com.pearson.tests.TC003_V2SearchSingleFacetTest"/>
  <testcase name="specificFielsAndLogic_V2SearchSingleFacet_POST" time="3.172" classname="com.pearson.tests.TC003_V2SearchSingleFacetTest"/>
  <testcase name="multipleSpecificFieldWildCard_exactPharse_V2SearchSingleFacet_POST" time="3.235" classname="com.pearson.tests.TC003_V2SearchSingleFacetTest"/>
  <testcase name="multipleSpecificFieldWildCard_V2SearchSingleFacet_GET" time="3.192" classname="com.pearson.tests.TC003_V2SearchSingleFacetTest"/>
  <testcase name="singleSpecificField_V2SearchSingleFacet_GET" time="3.136" classname="com.pearson.tests.TC003_V2SearchSingleFacetTest"/>
  <testcase name="multiSpecificField_V2SearchSingleFacet_GET" time="3.216" classname="com.pearson.tests.TC003_V2SearchSingleFacetTest"/>
  <testcase name="specificFielsAndLogic_V2SearchSingleFacet_POST" time="7.024" classname="com.pearson.tests.TC003_V2SearchSingleFacetTest"/>
  <testcase name="multipleSpecificFieldWildCard_V2SearchSingleFacet_POST" time="12.106" classname="com.pearson.tests.TC003_V2SearchSingleFacetTest"/>
  <testcase name="specificFielsAndLogic_V2SearchSingleFacet_POST" time="11.512" classname="com.pearson.tests.TC003_V2SearchSingleFacetTest"/>
  <testcase name="multiSpecificField_V2SearchSingleFacet_GET" time="3.187" classname="com.pearson.tests.TC003_V2SearchSingleFacetTest"/>
  <testcase name="multiSpecificField_V2SearchSingleFacet_GET" time="3.193" classname="com.pearson.tests.TC003_V2SearchSingleFacetTest"/>
  <testcase name="logicalOperator_V2SearchSingleFacet_GET" time="13.118" classname="com.pearson.tests.TC003_V2SearchSingleFacetTest"/>
  <testcase name="logicalOperator_V2SearchSingleFacet_GET" time="10.341" classname="com.pearson.tests.TC003_V2SearchSingleFacetTest"/>
  <testcase name="logicalOperator_V2SearchSingleFacet_POST" time="11.393" classname="com.pearson.tests.TC003_V2SearchSingleFacetTest"/>
  <testcase name="multipleSpecificFieldWildCard_exactPharse_V2SearchSingleFacet_GET" time="3.146" classname="com.pearson.tests.TC003_V2SearchSingleFacetTest"/>
  <testcase name="singleSpecificField_V2SearchSingleFacet_GET" time="3.129" classname="com.pearson.tests.TC003_V2SearchSingleFacetTest"/>
  <testcase name="specificFielsAndLogic_V2SearchSingleFacet_POST" time="3.521" classname="com.pearson.tests.TC003_V2SearchSingleFacetTest"/>
  <testcase name="logicalOperator_V2SearchSingleFacet_GET" time="3.188" classname="com.pearson.tests.TC003_V2SearchSingleFacetTest"/>
  <testcase name="multiSpecificField_V2SearchSingleFacet_GET" time="3.162" classname="com.pearson.tests.TC003_V2SearchSingleFacetTest"/>
  <testcase name="logicalOperator_V2SearchSingleFacet_GET" time="5.452" classname="com.pearson.tests.TC003_V2SearchSingleFacetTest"/>
  <testcase name="multipleSpecificFieldWildCard_V2SearchSingleFacet_POST" time="3.166" classname="com.pearson.tests.TC003_V2SearchSingleFacetTest"/>
  <testcase name="logicalOperator_V2SearchSingleFacet_GET" time="4.686" classname="com.pearson.tests.TC003_V2SearchSingleFacetTest"/>
  <testcase name="logicalOperator_V2SearchSingleFacet_GET" time="4.055" classname="com.pearson.tests.TC003_V2SearchSingleFacetTest">
    <error type="java.lang.AssertionError" message="expected [true] but found [false]">
      <![CDATA[java.lang.AssertionError: expected [true] but found [false]
	at org.testng.Assert.fail(Assert.java:94)
	at org.testng.Assert.failNotEquals(Assert.java:494)
	at org.testng.Assert.assertTrue(Assert.java:42)
	at org.testng.Assert.assertTrue(Assert.java:52)
	at com.pearson.pageobjects.V2SearchSingleFacetRequest.getLogicalOperator_SF(V2SearchSingleFacetRequest.java:127)
	at com.pearson.tests.TC003_V2SearchSingleFacetTest.logicalOperator_V2SearchSingleFacet_GET(TC003_V2SearchSingleFacetTest.java:71)
	at sun.reflect.GeneratedMethodAccessor193.invoke(Unknown Source)
	at sun.reflect.DelegatingMethodAccessorImpl.invoke(Unknown Source)
	at java.lang.reflect.Method.invoke(Unknown Source)
	at org.testng.internal.MethodInvocationHelper.invokeMethod(MethodInvocationHelper.java:84)
	at org.testng.internal.Invoker.invokeMethod(Invoker.java:714)
	at org.testng.internal.Invoker.invokeTestMethod(Invoker.java:901)
	at org.testng.internal.Invoker.invokeTestMethods(Invoker.java:1231)
	at org.testng.internal.TestMethodWorker.invokeTestMethods(TestMethodWorker.java:127)
	at org.testng.internal.TestMethodWorker.run(TestMethodWorker.java:111)
	at org.testng.TestRunner.privateRun(TestRunner.java:767)
	at org.testng.TestRunner.run(TestRunner.java:617)
	at org.testng.SuiteRunner.runTest(SuiteRunner.java:348)
	at org.testng.SuiteRunner.runSequentially(SuiteRunner.java:343)
	at org.testng.SuiteRunner.privateRun(SuiteRunner.java:305)
	at org.testng.SuiteRunner.run(SuiteRunner.java:254)
	at org.testng.SuiteRunnerWorker.runSuite(SuiteRunnerWorker.java:52)
	at org.testng.SuiteRunnerWorker.run(SuiteRunnerWorker.java:86)
	at org.testng.TestNG.runSuitesSequentially(TestNG.java:1224)
	at org.testng.TestNG.runSuitesLocally(TestNG.java:1149)
	at org.testng.TestNG.run(TestNG.java:1057)
	at org.testng.remote.AbstractRemoteTestNG.run(AbstractRemoteTestNG.java:126)
	at org.testng.remote.RemoteTestNG.initAndRun(RemoteTestNG.java:152)
	at org.testng.remote.RemoteTestNG.main(RemoteTestNG.java:57)
]]>
    </error>
  </testcase> <!-- logicalOperator_V2SearchSingleFacet_GET -->
  <testcase name="multipleSpecificFieldWildCard_exactPharse_V2SearchSingleFacet_GET" time="3.177" classname="com.pearson.tests.TC003_V2SearchSingleFacetTest"/>
  <testcase name="logicalOperator_V2SearchSingleFacet_GET" time="5.358" classname="com.pearson.tests.TC003_V2SearchSingleFacetTest"/>
  <testcase name="logicalOperator_V2SearchSingleFacet_POST" time="3.199" classname="com.pearson.tests.TC003_V2SearchSingleFacetTest"/>
  <testcase name="multipleSpecificFieldWildCard_V2SearchSingleFacet_POST" time="3.521" classname="com.pearson.tests.TC003_V2SearchSingleFacetTest"/>
  <testcase name="multipleSpecificFieldWildCard_V2SearchSingleFacet_GET" time="3.214" classname="com.pearson.tests.TC003_V2SearchSingleFacetTest"/>
  <testcase name="multipleSpecificFieldWildCard_V2SearchSingleFacet_POST" time="5.352" classname="com.pearson.tests.TC003_V2SearchSingleFacetTest"/>
  <testcase name="multiSpecificField_V2SearchSingleFacet_POST_SchemaValidate" time="6.606" classname="com.pearson.tests.TC003_V2SearchSingleFacetTest"/>
  <testcase name="multipleSpecificFieldWildCard_V2SearchSingleFacet_POST" time="6.962" classname="com.pearson.tests.TC003_V2SearchSingleFacetTest"/>
  <testcase name="logicalOperator_V2SearchSingleFacet_POST" time="6.011" classname="com.pearson.tests.TC003_V2SearchSingleFacetTest"/>
  <testcase name="logicalOperator_V2SearchSingleFacet_GET" time="3.672" classname="com.pearson.tests.TC003_V2SearchSingleFacetTest">
    <error type="java.lang.AssertionError" message="expected [true] but found [false]">
      <![CDATA[java.lang.AssertionError: expected [true] but found [false]
	at org.testng.Assert.fail(Assert.java:94)
	at org.testng.Assert.failNotEquals(Assert.java:494)
	at org.testng.Assert.assertTrue(Assert.java:42)
	at org.testng.Assert.assertTrue(Assert.java:52)
	at com.pearson.pageobjects.V2SearchSingleFacetRequest.getLogicalOperator_SF(V2SearchSingleFacetRequest.java:127)
	at com.pearson.tests.TC003_V2SearchSingleFacetTest.logicalOperator_V2SearchSingleFacet_GET(TC003_V2SearchSingleFacetTest.java:71)
	at sun.reflect.GeneratedMethodAccessor193.invoke(Unknown Source)
	at sun.reflect.DelegatingMethodAccessorImpl.invoke(Unknown Source)
	at java.lang.reflect.Method.invoke(Unknown Source)
	at org.testng.internal.MethodInvocationHelper.invokeMethod(MethodInvocationHelper.java:84)
	at org.testng.internal.Invoker.invokeMethod(Invoker.java:714)
	at org.testng.internal.Invoker.invokeTestMethod(Invoker.java:901)
	at org.testng.internal.Invoker.invokeTestMethods(Invoker.java:1231)
	at org.testng.internal.TestMethodWorker.invokeTestMethods(TestMethodWorker.java:127)
	at org.testng.internal.TestMethodWorker.run(TestMethodWorker.java:111)
	at org.testng.TestRunner.privateRun(TestRunner.java:767)
	at org.testng.TestRunner.run(TestRunner.java:617)
	at org.testng.SuiteRunner.runTest(SuiteRunner.java:348)
	at org.testng.SuiteRunner.runSequentially(SuiteRunner.java:343)
	at org.testng.SuiteRunner.privateRun(SuiteRunner.java:305)
	at org.testng.SuiteRunner.run(SuiteRunner.java:254)
	at org.testng.SuiteRunnerWorker.runSuite(SuiteRunnerWorker.java:52)
	at org.testng.SuiteRunnerWorker.run(SuiteRunnerWorker.java:86)
	at org.testng.TestNG.runSuitesSequentially(TestNG.java:1224)
	at org.testng.TestNG.runSuitesLocally(TestNG.java:1149)
	at org.testng.TestNG.run(TestNG.java:1057)
	at org.testng.remote.AbstractRemoteTestNG.run(AbstractRemoteTestNG.java:126)
	at org.testng.remote.RemoteTestNG.initAndRun(RemoteTestNG.java:152)
	at org.testng.remote.RemoteTestNG.main(RemoteTestNG.java:57)
]]>
    </error>
  </testcase> <!-- logicalOperator_V2SearchSingleFacet_GET -->
  <testcase name="multipleSpecificFieldWildCard_exactPharse_V2SearchSingleFacet_POST" time="3.217" classname="com.pearson.tests.TC003_V2SearchSingleFacetTest"/>
  <testcase name="logicalOperator_V2SearchSingleFacet_POST" time="5.084" classname="com.pearson.tests.TC003_V2SearchSingleFacetTest"/>
  <testcase name="logicalOperator_V2SearchSingleFacet_GET" time="13.437" classname="com.pearson.tests.TC003_V2SearchSingleFacetTest"/>
  <testcase name="multiSpecificField_V2SearchSingleFacet_POST" time="3.234" classname="com.pearson.tests.TC003_V2SearchSingleFacetTest"/>
  <testcase name="multiSpecificField_V2SearchSingleFacet_POST" time="3.269" classname="com.pearson.tests.TC003_V2SearchSingleFacetTest"/>
  <testcase name="specificFielsAndLogic_V2SearchSingleFacet_POST" time="6.425" classname="com.pearson.tests.TC003_V2SearchSingleFacetTest"/>
  <testcase name="logicalOperator_V2SearchSingleFacet_GET" time="3.774" classname="com.pearson.tests.TC003_V2SearchSingleFacetTest"/>
  <testcase name="multipleSpecificFieldWildCard_V2SearchSingleFacet_GET" time="7.030" classname="com.pearson.tests.TC003_V2SearchSingleFacetTest"/>
  <testcase name="logicalOperator_V2SearchSingleFacet_POST" time="6.266" classname="com.pearson.tests.TC003_V2SearchSingleFacetTest"/>
  <testcase name="logicalOperator_V2SearchSingleFacet_POST" time="9.340" classname="com.pearson.tests.TC003_V2SearchSingleFacetTest"/>
  <testcase name="specificFielsAndLogic_V2SearchSingleFacet_POST" time="4.585" classname="com.pearson.tests.TC003_V2SearchSingleFacetTest"/>
  <testcase name="singleSpecificField_V2SearchSingleFacet_GET" time="3.174" classname="com.pearson.tests.TC003_V2SearchSingleFacetTest"/>
  <testcase name="singleSpecificField_V2SearchSingleFacet_GET" time="3.148" classname="com.pearson.tests.TC003_V2SearchSingleFacetTest"/>
  <testcase name="logicalOperator_V2SearchSingleFacet_GET" time="4.751" classname="com.pearson.tests.TC003_V2SearchSingleFacetTest"/>
  <testcase name="logicalOperator_V2SearchSingleFacet_GET" time="5.831" classname="com.pearson.tests.TC003_V2SearchSingleFacetTest"/>
  <testcase name="logicalOperator_V2SearchSingleFacet_GET" time="11.751" classname="com.pearson.tests.TC003_V2SearchSingleFacetTest"/>
  <testcase name="logicalOperator_V2SearchSingleFacet_POST" time="3.710" classname="com.pearson.tests.TC003_V2SearchSingleFacetTest"/>
  <testcase name="logicalOperator_V2SearchSingleFacet_GET" time="5.417" classname="com.pearson.tests.TC003_V2SearchSingleFacetTest"/>
  <testcase name="specificFielsAndLogic_V2SearchSingleFacet_POST" time="3.111" classname="com.pearson.tests.TC003_V2SearchSingleFacetTest"/>
  <testcase name="specificFielsAndLogic_V2SearchSingleFacet_POST" time="10.851" classname="com.pearson.tests.TC003_V2SearchSingleFacetTest"/>
  <testcase name="singleSpecificField_V2SearchSingleFacet_GET" time="5.028" classname="com.pearson.tests.TC003_V2SearchSingleFacetTest"/>
  <testcase name="multiSpecificField_V2SearchSingleFacet_POST" time="3.739" classname="com.pearson.tests.TC003_V2SearchSingleFacetTest"/>
  <testcase name="logicalOperator_V2SearchSingleFacet_GET" time="5.030" classname="com.pearson.tests.TC003_V2SearchSingleFacetTest"/>
  <testcase name="singleSpecificField_V2SearchSingleFacet_GET" time="5.073" classname="com.pearson.tests.TC003_V2SearchSingleFacetTest"/>
  <testcase name="multipleSpecificFieldWildCard_V2SearchSingleFacet_GET" time="5.023" classname="com.pearson.tests.TC003_V2SearchSingleFacetTest"/>
  <testcase name="multipleSpecificFieldWildCard_exactPharse_V2SearchSingleFacet_POST" time="3.612" classname="com.pearson.tests.TC003_V2SearchSingleFacetTest"/>
  <testcase name="multipleSpecificFieldWildCard_V2SearchSingleFacet_GET" time="5.299" classname="com.pearson.tests.TC003_V2SearchSingleFacetTest"/>
  <testcase name="logicalOperator_V2SearchSingleFacet_GET" time="6.635" classname="com.pearson.tests.TC003_V2SearchSingleFacetTest"/>
  <testcase name="multiSpecificField_V2SearchSingleFacet_GET" time="3.269" classname="com.pearson.tests.TC003_V2SearchSingleFacetTest"/>
  <testcase name="logicalOperator_V2SearchSingleFacet_GET" time="11.952" classname="com.pearson.tests.TC003_V2SearchSingleFacetTest"/>
  <testcase name="logicalOperator_V2SearchSingleFacet_POST" time="6.889" classname="com.pearson.tests.TC003_V2SearchSingleFacetTest"/>
  <testcase name="logicalOperator_V2SearchSingleFacet_GET" time="13.819" classname="com.pearson.tests.TC003_V2SearchSingleFacetTest"/>
  <testcase name="logicalOperator_V2SearchSingleFacet_GET" time="13.904" classname="com.pearson.tests.TC003_V2SearchSingleFacetTest"/>
  <testcase name="logicalOperator_V2SearchSingleFacet_GET" time="10.778" classname="com.pearson.tests.TC003_V2SearchSingleFacetTest"/>
  <testcase name="logicalOperator_V2SearchSingleFacet_POST" time="5.133" classname="com.pearson.tests.TC003_V2SearchSingleFacetTest"/>
  <testcase name="logicalOperator_V2SearchSingleFacet_POST" time="3.222" classname="com.pearson.tests.TC003_V2SearchSingleFacetTest"/>
  <testcase name="multiSpecificField_V2SearchSingleFacet_POST_SchemaValidate" time="4.239" classname="com.pearson.tests.TC003_V2SearchSingleFacetTest"/>
  <testcase name="logicalOperator_V2SearchSingleFacet_GET" time="3.559" classname="com.pearson.tests.TC003_V2SearchSingleFacetTest"/>
  <testcase name="logicalOperator_V2SearchSingleFacet_GET" time="7.402" classname="com.pearson.tests.TC003_V2SearchSingleFacetTest"/>
  <testcase name="logicalOperator_V2SearchSingleFacet_GET" time="3.765" classname="com.pearson.tests.TC003_V2SearchSingleFacetTest"/>
  <testcase name="logicalOperator_V2SearchSingleFacet_POST" time="3.244" classname="com.pearson.tests.TC003_V2SearchSingleFacetTest"/>
  <testcase name="logicalOperator_V2SearchSingleFacet_POST" time="13.904" classname="com.pearson.tests.TC003_V2SearchSingleFacetTest"/>
  <testcase name="logicalOperator_V2SearchSingleFacet_GET" time="3.274" classname="com.pearson.tests.TC003_V2SearchSingleFacetTest"/>
  <testcase name="specificFielsAndLogic_V2SearchSingleFacet_POST" time="3.198" classname="com.pearson.tests.TC003_V2SearchSingleFacetTest"/>
  <testcase name="logicalOperator_V2SearchSingleFacet_POST" time="4.921" classname="com.pearson.tests.TC003_V2SearchSingleFacetTest"/>
  <testcase name="logicalOperator_V2SearchSingleFacet_POST" time="3.191" classname="com.pearson.tests.TC003_V2SearchSingleFacetTest"/>
  <testcase name="singleSpecificField_V2SearchSingleFacet_GET" time="3.165" classname="com.pearson.tests.TC003_V2SearchSingleFacetTest"/>
  <testcase name="logicalOperator_V2SearchSingleFacet_POST" time="10.579" classname="com.pearson.tests.TC003_V2SearchSingleFacetTest"/>
  <testcase name="logicalOperator_V2SearchSingleFacet_POST" time="3.178" classname="com.pearson.tests.TC003_V2SearchSingleFacetTest">
    <error type="java.lang.AssertionError" message="Unexpected character (&#039;&lt;&#039; (code 60)): expected a valid value (number, String, array, object, &#039;true&#039;, &#039;false&#039; or &#039;null&#039;)
 at [Source: java.io.StringReader@1c628e7; line: 1, column: 2]">
      <![CDATA[java.lang.AssertionError: Unexpected character ('<' (code 60)): expected a valid value (number, String, array, object, 'true', 'false' or 'null')
 at [Source: java.io.StringReader@1c628e7; line: 1, column: 2]
	at org.testng.Assert.fail(Assert.java:83)
	at com.pearson.tests.TC003_V2SearchSingleFacetTest.logicalOperator_V2SearchSingleFacet_POST(TC003_V2SearchSingleFacetTest.java:37)
	at sun.reflect.GeneratedMethodAccessor198.invoke(Unknown Source)
	at sun.reflect.DelegatingMethodAccessorImpl.invoke(Unknown Source)
	at java.lang.reflect.Method.invoke(Unknown Source)
	at org.testng.internal.MethodInvocationHelper.invokeMethod(MethodInvocationHelper.java:84)
	at org.testng.internal.Invoker.invokeMethod(Invoker.java:714)
	at org.testng.internal.Invoker.invokeTestMethod(Invoker.java:901)
	at org.testng.internal.Invoker.invokeTestMethods(Invoker.java:1231)
	at org.testng.internal.TestMethodWorker.invokeTestMethods(TestMethodWorker.java:127)
	at org.testng.internal.TestMethodWorker.run(TestMethodWorker.java:111)
	at org.testng.TestRunner.privateRun(TestRunner.java:767)
	at org.testng.TestRunner.run(TestRunner.java:617)
	at org.testng.SuiteRunner.runTest(SuiteRunner.java:348)
	at org.testng.SuiteRunner.runSequentially(SuiteRunner.java:343)
	at org.testng.SuiteRunner.privateRun(SuiteRunner.java:305)
	at org.testng.SuiteRunner.run(SuiteRunner.java:254)
	at org.testng.SuiteRunnerWorker.runSuite(SuiteRunnerWorker.java:52)
	at org.testng.SuiteRunnerWorker.run(SuiteRunnerWorker.java:86)
	at org.testng.TestNG.runSuitesSequentially(TestNG.java:1224)
	at org.testng.TestNG.runSuitesLocally(TestNG.java:1149)
	at org.testng.TestNG.run(TestNG.java:1057)
	at org.testng.remote.AbstractRemoteTestNG.run(AbstractRemoteTestNG.java:126)
	at org.testng.remote.RemoteTestNG.initAndRun(RemoteTestNG.java:152)
	at org.testng.remote.RemoteTestNG.main(RemoteTestNG.java:57)
Caused by: com.fasterxml.jackson.core.JsonParseException: Unexpected character ('<' (code 60)): expected a valid value (number, String, array, object, 'true', 'false' or 'null')
 at [Source: java.io.StringReader@1c628e7; line: 1, column: 2]
	at com.fasterxml.jackson.core.JsonParser._constructError(JsonParser.java:1369)
	at com.fasterxml.jackson.core.base.ParserMinimalBase._reportError(ParserMinimalBase.java:532)
	at com.fasterxml.jackson.core.base.ParserMinimalBase._reportUnexpectedChar(ParserMinimalBase.java:453)
	at com.fasterxml.jackson.core.json.ReaderBasedJsonParser._handleUnexpectedValue(ReaderBasedJsonParser.java:1386)
	at com.fasterxml.jackson.core.json.ReaderBasedJsonParser.nextToken(ReaderBasedJsonParser.java:669)
	at com.fasterxml.jackson.databind.MappingIterator.hasNextValue(MappingIterator.java:159)
	at com.github.fge.jackson.JsonNodeReader.readNode(JsonNodeReader.java:142)
	at com.github.fge.jackson.JsonNodeReader.fromReader(JsonNodeReader.java:127)
	at com.github.fge.jackson.JsonLoader.fromReader(JsonLoader.java:179)
	at com.github.fge.jackson.JsonLoader.fromString(JsonLoader.java:192)
	at com.pearson.regression.utilityHelpers.ValidationUtils.getJsonNode(ValidationUtils.java:22)
	at com.pearson.regression.utilityHelpers.ValidationUtils.getjsonValReport(ValidationUtils.java:85)
	at com.pearson.regression.utilityHelpers.ResponseValidator.validateJsonSchema(ResponseValidator.java:43)
	at com.pearson.pageobjects.V2SearchSingleFacetRequest.postLogicalOperator_SF(V2SearchSingleFacetRequest.java:152)
	at com.pearson.tests.TC003_V2SearchSingleFacetTest.logicalOperator_V2SearchSingleFacet_POST(TC003_V2SearchSingleFacetTest.java:32)
	... 23 more
]]>
    </error>
  </testcase> <!-- logicalOperator_V2SearchSingleFacet_POST -->
  <testcase name="multipleSpecificFieldWildCard_V2SearchSingleFacet_POST" time="7.078" classname="com.pearson.tests.TC003_V2SearchSingleFacetTest"/>
  <testcase name="specificFielsAndLogic_V2SearchSingleFacet_POST" time="3.178" classname="com.pearson.tests.TC003_V2SearchSingleFacetTest"/>
  <testcase name="logicalOperator_V2SearchSingleFacet_GET" time="3.343" classname="com.pearson.tests.TC003_V2SearchSingleFacetTest"/>
  <testcase name="singleSpecificField_V2SearchSingleFacet_GET" time="3.191" classname="com.pearson.tests.TC003_V2SearchSingleFacetTest"/>
  <testcase name="logicalOperator_V2SearchSingleFacet_POST" time="5.528" classname="com.pearson.tests.TC003_V2SearchSingleFacetTest"/>
  <testcase name="multipleSpecificFieldWildCard_exactPharse_V2SearchSingleFacet_POST" time="3.185" classname="com.pearson.tests.TC003_V2SearchSingleFacetTest"/>
  <testcase name="multipleSpecificFieldWildCard_V2SearchSingleFacet_GET" time="3.177" classname="com.pearson.tests.TC003_V2SearchSingleFacetTest"/>
  <testcase name="logicalOperator_V2SearchSingleFacet_POST" time="3.771" classname="com.pearson.tests.TC003_V2SearchSingleFacetTest"/>
  <testcase name="logicalOperator_V2SearchSingleFacet_GET" time="3.228" classname="com.pearson.tests.TC003_V2SearchSingleFacetTest"/>
  <testcase name="singleSpecificField_V2SearchSingleFacet_GET" time="5.321" classname="com.pearson.tests.TC003_V2SearchSingleFacetTest"/>
  <testcase name="singleSpecificField_V2SearchSingleFacet_GET" time="3.542" classname="com.pearson.tests.TC003_V2SearchSingleFacetTest"/>
  <testcase name="singleSpecificField_V2SearchSingleFacet_GET" time="11.958" classname="com.pearson.tests.TC003_V2SearchSingleFacetTest"/>
  <testcase name="multiSpecificField_V2SearchSingleFacet_GET" time="3.207" classname="com.pearson.tests.TC003_V2SearchSingleFacetTest"/>
  <testcase name="logicalOperator_V2SearchSingleFacet_GET" time="3.268" classname="com.pearson.tests.TC003_V2SearchSingleFacetTest"/>
  <testcase name="specificFielsAndLogic_V2SearchSingleFacet_POST" time="3.161" classname="com.pearson.tests.TC003_V2SearchSingleFacetTest"/>
  <testcase name="singleSpecificField_V2SearchSingleFacet_GET" time="3.155" classname="com.pearson.tests.TC003_V2SearchSingleFacetTest"/>
  <testcase name="logicalOperator_V2SearchSingleFacet_POST" time="5.252" classname="com.pearson.tests.TC003_V2SearchSingleFacetTest"/>
  <testcase name="multipleSpecificFieldWildCard_exactPharse_V2SearchSingleFacet_GET" time="3.154" classname="com.pearson.tests.TC003_V2SearchSingleFacetTest"/>
  <testcase name="logicalOperator_V2SearchSingleFacet_POST" time="3.564" classname="com.pearson.tests.TC003_V2SearchSingleFacetTest"/>
  <testcase name="specificFielsAndLogic_V2SearchSingleFacet_POST" time="3.054" classname="com.pearson.tests.TC003_V2SearchSingleFacetTest">
    <error type="java.lang.AssertionError" message="For input string: &quot;/csg/api/v2/search&quot;">
      <![CDATA[java.lang.AssertionError: For input string: "/csg/api/v2/search"
	at org.testng.Assert.fail(Assert.java:83)
	at com.pearson.tests.TC003_V2SearchSingleFacetTest.specificFielsAndLogic_V2SearchSingleFacet_POST(TC003_V2SearchSingleFacetTest.java:95)
	at sun.reflect.GeneratedMethodAccessor202.invoke(Unknown Source)
	at sun.reflect.DelegatingMethodAccessorImpl.invoke(Unknown Source)
	at java.lang.reflect.Method.invoke(Unknown Source)
	at org.testng.internal.MethodInvocationHelper.invokeMethod(MethodInvocationHelper.java:84)
	at org.testng.internal.Invoker.invokeMethod(Invoker.java:714)
	at org.testng.internal.Invoker.invokeTestMethod(Invoker.java:901)
	at org.testng.internal.Invoker.invokeTestMethods(Invoker.java:1231)
	at org.testng.internal.TestMethodWorker.invokeTestMethods(TestMethodWorker.java:127)
	at org.testng.internal.TestMethodWorker.run(TestMethodWorker.java:111)
	at org.testng.TestRunner.privateRun(TestRunner.java:767)
	at org.testng.TestRunner.run(TestRunner.java:617)
	at org.testng.SuiteRunner.runTest(SuiteRunner.java:348)
	at org.testng.SuiteRunner.runSequentially(SuiteRunner.java:343)
	at org.testng.SuiteRunner.privateRun(SuiteRunner.java:305)
	at org.testng.SuiteRunner.run(SuiteRunner.java:254)
	at org.testng.SuiteRunnerWorker.runSuite(SuiteRunnerWorker.java:52)
	at org.testng.SuiteRunnerWorker.run(SuiteRunnerWorker.java:86)
	at org.testng.TestNG.runSuitesSequentially(TestNG.java:1224)
	at org.testng.TestNG.runSuitesLocally(TestNG.java:1149)
	at org.testng.TestNG.run(TestNG.java:1057)
	at org.testng.remote.AbstractRemoteTestNG.run(AbstractRemoteTestNG.java:126)
	at org.testng.remote.RemoteTestNG.initAndRun(RemoteTestNG.java:152)
	at org.testng.remote.RemoteTestNG.main(RemoteTestNG.java:57)
Caused by: java.lang.NumberFormatException: For input string: "/csg/api/v2/search"
	at java.lang.NumberFormatException.forInputString(Unknown Source)
	at java.lang.Integer.parseInt(Unknown Source)
	at java.lang.Integer.parseInt(Unknown Source)
	at com.pearson.pageobjects.V2SearchSingleFacetRequest.postSpecificFielsAndLogicResponseValidate_SF(V2SearchSingleFacetRequest.java:184)
	at com.pearson.tests.TC003_V2SearchSingleFacetTest.specificFielsAndLogic_V2SearchSingleFacet_POST(TC003_V2SearchSingleFacetTest.java:90)
	... 23 more
]]>
    </error>
  </testcase> <!-- specificFielsAndLogic_V2SearchSingleFacet_POST -->
  <testcase name="specificFielsAndLogic_V2SearchSingleFacet_POST" time="3.576" classname="com.pearson.tests.TC003_V2SearchSingleFacetTest"/>
  <testcase name="singleSpecificField_V2SearchSingleFacet_GET" time="3.154" classname="com.pearson.tests.TC003_V2SearchSingleFacetTest"/>
  <testcase name="logicalOperator_V2SearchSingleFacet_POST" time="4.533" classname="com.pearson.tests.TC003_V2SearchSingleFacetTest"/>
  <testcase name="multipleSpecificFieldWildCard_exactPharse_V2SearchSingleFacet_POST" time="3.180" classname="com.pearson.tests.TC003_V2SearchSingleFacetTest"/>
  <testcase name="logicalOperator_V2SearchSingleFacet_POST" time="3.440" classname="com.pearson.tests.TC003_V2SearchSingleFacetTest"/>
  <testcase name="multipleSpecificFieldWildCard_V2SearchSingleFacet_POST" time="3.176" classname="com.pearson.tests.TC003_V2SearchSingleFacetTest"/>
  <testcase name="logicalOperator_V2SearchSingleFacet_GET" time="3.591" classname="com.pearson.tests.TC003_V2SearchSingleFacetTest"/>
  <testcase name="logicalOperator_V2SearchSingleFacet_POST" time="13.802" classname="com.pearson.tests.TC003_V2SearchSingleFacetTest"/>
  <testcase name="logicalOperator_V2SearchSingleFacet_POST" time="9.369" classname="com.pearson.tests.TC003_V2SearchSingleFacetTest"/>
  <testcase name="logicalOperator_V2SearchSingleFacet_POST" time="5.135" classname="com.pearson.tests.TC003_V2SearchSingleFacetTest"/>
  <testcase name="multiSpecificField_V2SearchSingleFacet_POST" time="3.180" classname="com.pearson.tests.TC003_V2SearchSingleFacetTest"/>
  <testcase name="logicalOperator_V2SearchSingleFacet_POST" time="3.237" classname="com.pearson.tests.TC003_V2SearchSingleFacetTest"/>
  <testcase name="specificFielsAndLogic_V2SearchSingleFacet_POST" time="11.288" classname="com.pearson.tests.TC003_V2SearchSingleFacetTest"/>
  <testcase name="invalidValueinHeader" time="6.737" classname="com.pearson.tests.TC003_V2SearchSingleFacetTest">
    <error type="java.lang.AssertionError" message="expected [{&quot;status&quot;:&quot;error&quot;,&quot;errorCode&quot;:&quot;400&quot;,&quot;message&quot;:&quot;Invalid Application ID&quot;}] but found [{&quot;count&quot;:874,&quot;requestId&quot;:&quot;8a306398-4595-4855-a2c1-02e748076578&quot;,&quot;searchResults&quot;:[{&quot;key&quot;:&quot;Fundamentals of Human Resource Management, 4/e (Review)&quot;,&quot;count&quot;:36,&quot;productsList&quot;:[{&quot;productId&quot;:&quot;8e56ceb0-9736-11e5-83ae-25b0dccc057f-REV&quot;,&quot;source&quot;:{&quot;@context&quot;:{&quot;cnt&quot;:&quot;http://schema.pearson.com/ns/content/&quot;,&quot;bf&quot;:&quot;http://bibframe.org/vocab/&quot;,&quot;schema&quot;:&quot;http://schema.org/&quot;},&quot;@type&quot;:&quot;schema:Book&quot;,&quot;schema:name&quot;:&quot;Fundamentals of Human Resource Management, 4/e (Review)&quot;,&quot;schema:keywords&quot;:[&quot;REVEL&quot;,&quot;Review&quot;],&quot;schema:description&quot;:&quot;Fundamentals of Human Resource Management, 4/e&quot;,&quot;schema:author&quot;:[{&quot;@type&quot;:&quot;schema:Person&quot;,&quot;schema:familyName&quot;:&quot;Gary Dessler&quot;}],&quot;schema:brand&quot;:{&quot;@type&quot;:&quot;schema:Brand&quot;,&quot;schema:name&quot;:&quot;REVEL&quot;}},&quot;matchedFields&quot;:{&quot;schema:brand.schema:url&quot;:&quot;[http://pearsonhighered.com/&lt;em&gt;revel&lt;/em&gt;]&quot;,&quot;cnt:auxiliaryFields.image.catalog.url&quot;:&quot;[https://&lt;em&gt;revel&lt;/em&gt;-stg.pearson.com/eps/sanvan/api/item/d3e26667-9916-4e7d-8a30-aef85468a766/1/file/images/default_catalog.jpg]&quot;,&quot;schema:keywords&quot;:&quot;[&lt;em&gt;REVEL&lt;/em&gt;]&quot;,&quot;schema:brand.schema:name&quot;:&quot;[&lt;em&gt;REVEL&lt;/em&gt;]&quot;,&quot;cnt:auxiliaryFields._providerSystem.name.raw&quot;:&quot;[&lt;em&gt;revelStandalone&lt;/em&gt;]&quot;,&quot;cnt:auxiliaryFields._providerSystem.name&quot;:&quot;[&lt;em&gt;revelStandalone&lt;/em&gt;]&quot;}},{&quot;productId&quot;:&quot;73f493a0-a3d8-11e5-92f9-99518addcf4a-REV&quot;,&quot;source&quot;:{&quot;@context&quot;:{&quot;cnt&quot;:&quot;http://schema.pearson.com/ns/content/&quot;,&quot;bf&quot;:&quot;http://bibframe.org/vocab/&quot;,&quot;schema&quot;:&quot;http://schema.org/&quot;},&quot;@type&quot;:&quot;schema:Book&quot;,&quot;schema:name&quot;:&quot;Fundamentals of Human Resource Management, 4/e (Review)&quot;,&quot;schema:keywords&quot;:[&quot;REVEL&quot;,&quot;Review&quot;],&quot;schema:description&quot;:&quot;Fundamentals of Human Resource Management, 4/e&quot;,&quot;schema:author&quot;:[{&quot;@type&quot;:&quot;schema:Person&quot;,&quot;schema:familyName&quot;:&quot;Gary Dessler&quot;}],&quot;schema:brand&quot;:{&quot;@type&quot;:&quot;schema:Brand&quot;,&quot;schema:name&quot;:&quot;REVEL&quot;}},&quot;matchedFields&quot;:{&quot;schema:brand.schema:url&quot;:&quot;[http://pearsonhighered.com/&lt;em&gt;revel&lt;/em&gt;]&quot;,&quot;cnt:auxiliaryFields.image.catalog.url&quot;:&quot;[https://&lt;em&gt;revel&lt;/em&gt;-stg.pearson.com/eps/sanvan/api/item/d3e26667-9916-4e7d-8a30-aef85468a766/1/file/images/default_catalog.jpg]&quot;,&quot;schema:keywords&quot;:&quot;[&lt;em&gt;REVEL&lt;/em&gt;]&quot;,&quot;schema:brand.schema:name&quot;:&quot;[&lt;em&gt;REVEL&lt;/em&gt;]&quot;,&quot;cnt:auxiliaryFields._providerSystem.name.raw&quot;:&quot;[&lt;em&gt;revelStandalone&lt;/em&gt;]&quot;,&quot;cnt:auxiliaryFields._providerSystem.name&quot;:&quot;[&lt;em&gt;revelStandalone&lt;/em&gt;]&quot;}}]},{&quot;key&quot;:&quot;Public Speaking: An Audience-Centered Approach (Review)&quot;,&quot;count&quot;:12,&quot;productsList&quot;:[{&quot;productId&quot;:&quot;af911180-8dc2-11e5-876b-b55c833e8617-REV&quot;,&quot;source&quot;:{&quot;@context&quot;:{&quot;cnt&quot;:&quot;http://schema.pearson.com/ns/content/&quot;,&quot;bf&quot;:&quot;http://bibframe.org/vocab/&quot;,&quot;schema&quot;:&quot;http://schema.org/&quot;},&quot;@type&quot;:&quot;schema:Book&quot;,&quot;schema:name&quot;:&quot;Public Speaking: An Audience-Centered Approach (Review)&quot;,&quot;schema:keywords&quot;:[&quot;REVEL&quot;,&quot;Review&quot;],&quot;schema:description&quot;:&quot;TEst&quot;,&quot;schema:author&quot;:[{&quot;@type&quot;:&quot;schema:Person&quot;,&quot;schema:familyName&quot;:&quot;AA&quot;}],&quot;schema:brand&quot;:{&quot;@type&quot;:&quot;schema:Brand&quot;,&quot;schema:name&quot;:&quot;REVEL&quot;}},&quot;matchedFields&quot;:{&quot;schema:brand.schema:url&quot;:&quot;[http://pearsonhighered.com/&lt;em&gt;revel&lt;/em&gt;]&quot;,&quot;cnt:auxiliaryFields.image.catalog.url&quot;:&quot;[https://&lt;em&gt;revel&lt;/em&gt;-stg.pearson.com/eps/sanvan/api/item/01afa6cc-d468-44bf-9684-ac08a00e9c1a/100/file/pearson_beebe_v7_minor/OPS/public/images/catalog.jpg]&quot;,&quot;schema:keywords&quot;:&quot;[&lt;em&gt;REVEL&lt;/em&gt;]&quot;,&quot;schema:brand.schema:name&quot;:&quot;[&lt;em&gt;REVEL&lt;/em&gt;]&quot;,&quot;cnt:auxiliaryFields._providerSystem.name.raw&quot;:&quot;[&lt;em&gt;revelStandalone&lt;/em&gt;]&quot;,&quot;cnt:auxiliaryFields._providerSystem.name&quot;:&quot;[&lt;em&gt;revelStandalone&lt;/em&gt;]&quot;}},{&quot;productId&quot;:&quot;a0d77210-a7a3-11e5-8a9f-3bc5f43903e9-REV&quot;,&quot;source&quot;:{&quot;@context&quot;:{&quot;cnt&quot;:&quot;http://schema.pearson.com/ns/content/&quot;,&quot;bf&quot;:&quot;http://bibframe.org/vocab/&quot;,&quot;schema&quot;:&quot;http://schema.org/&quot;},&quot;@type&quot;:&quot;schema:Book&quot;,&quot;schema:name&quot;:&quot;Public Speaking: An Audience-Centered Approach (Review)&quot;,&quot;schema:keywords&quot;:[&quot;REVEL&quot;,&quot;Review&quot;],&quot;schema:description&quot;:&quot;One&quot;,&quot;schema:author&quot;:[{&quot;@type&quot;:&quot;schema:Person&quot;,&quot;schema:familyName&quot;:&quot;Test&quot;}],&quot;schema:brand&quot;:{&quot;@type&quot;:&quot;schema:Brand&quot;,&quot;schema:name&quot;:&quot;REVEL&quot;}},&quot;matchedFields&quot;:{&quot;schema:brand.schema:url&quot;:&quot;[http://pearsonhighered.com/&lt;em&gt;revel&lt;/em&gt;]&quot;,&quot;cnt:auxiliaryFields.image.catalog.url&quot;:&quot;[https://&lt;em&gt;revel&lt;/em&gt;-stg.pearson.com/eps/sanvan/api/item/ddecbc43-3c48-4dfb-87d1-08ccf157e057/103/file/pearson_beebe_edited_assessment_id/OPS/public/images/catalog.jpg]&quot;,&quot;schema:keywords&quot;:&quot;[&lt;em&gt;REVEL&lt;/em&gt;]&quot;,&quot;schema:brand.schema:name&quot;:&quot;[&lt;em&gt;REVEL&lt;/em&gt;]&quot;,&quot;cnt:auxiliaryFields._providerSystem.name.raw&quot;:&quot;[&lt;em&gt;revelStandalone&lt;/em&gt;]&quot;,&quot;cnt:auxiliaryFields._providerSystem.name&quot;:&quot;[&lt;em&gt;revelStandalone&lt;/em&gt;]&quot;}}]},{&quot;key&quot;:&quot;Brix QA (Review)&quot;,&quot;count&quot;:10,&quot;productsList&quot;:[{&quot;productId&quot;:&quot;484197f0-7e06-11e5-84a8-41dd97ec023b-REV&quot;,&quot;source&quot;:{&quot;@context&quot;:{&quot;cnt&quot;:&quot;http://schema.pearson.com/ns/content/&quot;,&quot;bf&quot;:&quot;http://bibframe.org/vocab/&quot;,&quot;schema&quot;:&quot;http://schema.org/&quot;},&quot;@type&quot;:&quot;schema:Book&quot;,&quot;schema:name&quot;:&quot;Brix QA (Review)&quot;,&quot;schema:keywords&quot;:[&quot;REVEL&quot;,&quot;Review&quot;],&quot;schema:description&quot;:&quot;ccd&quot;,&quot;schema:author&quot;:[{&quot;@type&quot;:&quot;schema:Person&quot;,&quot;schema:familyName&quot;:&quot;Jason Josselyn&quot;}],&quot;schema:brand&quot;:{&quot;@type&quot;:&quot;schema:Brand&quot;,&quot;schema:name&quot;:&quot;REVEL&quot;}},&quot;matchedFields&quot;:{&quot;schema:brand.schema:url&quot;:&quot;[http://pearsonhighered.com/&lt;em&gt;revel&lt;/em&gt;]&quot;,&quot;cnt:auxiliaryFields.image.catalog.url&quot;:&quot;[https://&lt;em&gt;revel&lt;/em&gt;-stg.pearson.com/eps/sanvan/api/item/3a3954c3-f68c-4671-a467-734f2d3bd696/100/file/BRIX_AllImages/OPS/public/images/catalog.jpg]&quot;,&quot;schema:keywords&quot;:&quot;[&lt;em&gt;REVEL&lt;/em&gt;]&quot;,&quot;schema:brand.schema:name&quot;:&quot;[&lt;em&gt;REVEL&lt;/em&gt;]&quot;,&quot;cnt:auxiliaryFields._providerSystem.name.raw&quot;:&quot;[&lt;em&gt;revelStandalone&lt;/em&gt;]&quot;,&quot;cnt:auxiliaryFields._providerSystem.name&quot;:&quot;[&lt;em&gt;revelStandalone&lt;/em&gt;]&quot;}},{&quot;productId&quot;:&quot;ae416b40-7e04-11e5-8502-7f648ef33e85-REV&quot;,&quot;source&quot;:{&quot;@context&quot;:{&quot;cnt&quot;:&quot;http://schema.pearson.com/ns/content/&quot;,&quot;bf&quot;:&quot;http://bibframe.org/vocab/&quot;,&quot;schema&quot;:&quot;http://schema.org/&quot;},&quot;@type&quot;:&quot;schema:Book&quot;,&quot;schema:name&quot;:&quot;Brix QA (Review)&quot;,&quot;schema:keywords&quot;:[&quot;REVEL&quot;,&quot;Review&quot;],&quot;schema:description&quot;:&quot;Somrthing&quot;,&quot;schema:author&quot;:[{&quot;@type&quot;:&quot;schema:Person&quot;,&quot;schema:familyName&quot;:&quot;Jason Josselyn&quot;}],&quot;schema:brand&quot;:{&quot;@type&quot;:&quot;schema:Brand&quot;,&quot;schema:name&quot;:&quot;REVEL&quot;}},&quot;matchedFields&quot;:{&quot;schema:brand.schema:url&quot;:&quot;[http://pearsonhighered.com/&lt;em&gt;revel&lt;/em&gt;]&quot;,&quot;cnt:auxiliaryFields.image.catalog.url&quot;:&quot;[https://&lt;em&gt;revel&lt;/em&gt;-stg.pearson.com/eps/sanvan/api/item/b0865b6b-3bc7-4279-8c7e-e267b5b29171/100/file/BRIX_AllImages/OPS/public/images/catalog.jpg]&quot;,&quot;schema:keywords&quot;:&quot;[&lt;em&gt;REVEL&lt;/em&gt;]&quot;,&quot;schema:brand.schema:name&quot;:&quot;[&lt;em&gt;REVEL&lt;/em&gt;]&quot;,&quot;cnt:auxiliaryFields._providerSystem.name.raw&quot;:&quot;[&lt;em&gt;revelStandalone&lt;/em&gt;]&quot;,&quot;cnt:auxiliaryFields._providerSystem.name&quot;:&quot;[&lt;em&gt;revelStandalone&lt;/em&gt;]&quot;}}]},{&quot;key&quot;:&quot;HiEd and INTL Interactives Demo (v1.0.4) (Review)&quot;,&quot;count&quot;:9,&quot;productsList&quot;:[{&quot;productId&quot;:&quot;23af1f50-9a87-11e5-9d52-7b0ea23113c7-REV&quot;,&quot;source&quot;:{&quot;@context&quot;:{&quot;cnt&quot;:&quot;http://schema.pearson.com/ns/content/&quot;,&quot;bf&quot;:&quot;http://bibframe.org/vocab/&quot;,&quot;schema&quot;:&quot;http://schema.org/&quot;},&quot;@type&quot;:&quot;schema:Book&quot;,&quot;schema:name&quot;:&quot;HiEd and INTL Interactives Demo (v1.0.4) (Review)&quot;,&quot;schema:keywords&quot;:[&quot;REVEL&quot;,&quot;Review&quot;],&quot;schema:description&quot;:&quot;sdfvsdfv&quot;,&quot;schema:author&quot;:[{&quot;@type&quot;:&quot;schema:Person&quot;,&quot;schema:familyName&quot;:&quot;Demo&quot;}],&quot;schema:brand&quot;:{&quot;@type&quot;:&quot;schema:Brand&quot;,&quot;schema:name&quot;:&quot;REVEL&quot;}},&quot;matchedFields&quot;:{&quot;schema:brand.schema:url&quot;:&quot;[http://pearsonhighered.com/&lt;em&gt;revel&lt;/em&gt;]&quot;,&quot;cnt:auxiliaryFields.image.catalog.url&quot;:&quot;[https://&lt;em&gt;revel&lt;/em&gt;-stg.pearson.com/eps/sanvan/api/item/d3e26667-9916-4e7d-8a30-aef85468a766/1/file/images/default_catalog.jpg]&quot;,&quot;schema:keywords&quot;:&quot;[&lt;em&gt;REVEL&lt;/em&gt;]&quot;,&quot;schema:brand.schema:name&quot;:&quot;[&lt;em&gt;REVEL&lt;/em&gt;]&quot;,&quot;cnt:auxiliaryFields._providerSystem.name.raw&quot;:&quot;[&lt;em&gt;revelStandalone&lt;/em&gt;]&quot;,&quot;cnt:auxiliaryFields._providerSystem.name&quot;:&quot;[&lt;em&gt;revelStandalone&lt;/em&gt;]&quot;}},{&quot;productId&quot;:&quot;7e82bd00-8250-11e5-9466-0b7dba2f7f12-REV&quot;,&quot;source&quot;:{&quot;@context&quot;:{&quot;cnt&quot;:&quot;http://schema.pearson.com/ns/content/&quot;,&quot;bf&quot;:&quot;http://bibframe.org/vocab/&quot;,&quot;schema&quot;:&quot;http://schema.org/&quot;},&quot;@type&quot;:&quot;schema:Book&quot;,&quot;schema:name&quot;:&quot;HiEd and INTL Interactives Demo (v1.0.4) (Review)&quot;,&quot;schema:keywords&quot;:[&quot;REVEL&quot;,&quot;Review&quot;],&quot;schema:description&quot;:&quot;demo&quot;,&quot;schema:author&quot;:[{&quot;@type&quot;:&quot;schema:Person&quot;,&quot;schema:familyName&quot;:&quot;Demo&quot;}],&quot;schema:brand&quot;:{&quot;@type&quot;:&quot;schema:Brand&quot;,&quot;schema:name&quot;:&quot;REVEL&quot;}},&quot;matchedFields&quot;:{&quot;schema:brand.schema:url&quot;:&quot;[http://pearsonhighered.com/&lt;em&gt;revel&lt;/em&gt;]&quot;,&quot;cnt:auxiliaryFields.image.catalog.url&quot;:&quot;[https://&lt;em&gt;revel&lt;/em&gt;-stg.pearson.com/eps/sanvan/api/item/d3e26667-9916-4e7d-8a30-aef85468a766/1/file/images/default_catalog.jpg]&quot;,&quot;schema:keywords&quot;:&quot;[&lt;em&gt;REVEL&lt;/em&gt;]&quot;,&quot;schema:brand.schema:name&quot;:&quot;[&lt;em&gt;REVEL&lt;/em&gt;]&quot;,&quot;cnt:auxiliaryFields._providerSystem.name.raw&quot;:&quot;[&lt;em&gt;revelStandalone&lt;/em&gt;]&quot;,&quot;cnt:auxiliaryFields._providerSystem.name&quot;:&quot;[&lt;em&gt;revelStandalone&lt;/em&gt;]&quot;}}]},{&quot;key&quot;:&quot;Discovering the Life Span (Review)&quot;,&quot;count&quot;:7,&quot;productsList&quot;:[{&quot;productId&quot;:&quot;06d05ef0-506b-11e5-ae70-6be5a5c5c965-REV&quot;,&quot;source&quot;:{&quot;@context&quot;:{&quot;cnt&quot;:&quot;http://schema.pearson.com/ns/content/&quot;,&quot;bf&quot;:&quot;http://bibframe.org/vocab/&quot;,&quot;schema&quot;:&quot;http://schema.org/&quot;},&quot;@type&quot;:&quot;schema:Book&quot;,&quot;schema:name&quot;:&quot;Discovering the Life Span (Review)&quot;,&quot;schema:keywords&quot;:[&quot;REVEL&quot;,&quot;Review&quot;],&quot;schema:description&quot;:&quot;AA&quot;,&quot;schema:author&quot;:[{&quot;@type&quot;:&quot;schema:Person&quot;,&quot;schema:familyName&quot;:&quot;Feldman, Robert S.&quot;}],&quot;schema:brand&quot;:{&quot;@type&quot;:&quot;schema:Brand&quot;,&quot;schema:name&quot;:&quot;REVEL&quot;}},&quot;matchedFields&quot;:{&quot;schema:brand.schema:url&quot;:&quot;[http://pearsonhighered.com/&lt;em&gt;revel&lt;/em&gt;]&quot;,&quot;cnt:auxiliaryFields.image.catalog.url&quot;:&quot;[https://&lt;em&gt;revel&lt;/em&gt;-stg.pearson.com/eps/sanvan/api/item/dcc9526d-b145-404e-bcf6-8d6deeff4294/100/file/metrodigi_fieldman_v8_Chapthumbnail/OPS/public/images/catalog.jpg]&quot;,&quot;schema:keywords&quot;:&quot;[&lt;em&gt;REVEL&lt;/em&gt;]&quot;,&quot;schema:brand.schema:name&quot;:&quot;[&lt;em&gt;REVEL&lt;/em&gt;]&quot;,&quot;cnt:auxiliaryFields._providerSystem.name.raw&quot;:&quot;[&lt;em&gt;revelStandalone&lt;/em&gt;]&quot;,&quot;cnt:auxiliaryFields._providerSystem.name&quot;:&quot;[&lt;em&gt;revelStandalone&lt;/em&gt;]&quot;}},{&quot;productId&quot;:&quot;250c85f0-52c9-11e5-b48a-7560f6d416d4-REV&quot;,&quot;source&quot;:{&quot;@context&quot;:{&quot;cnt&quot;:&quot;http://schema.pearson.com/ns/content/&quot;,&quot;bf&quot;:&quot;http://bibframe.org/vocab/&quot;,&quot;schema&quot;:&quot;http://schema.org/&quot;},&quot;@type&quot;:&quot;schema:Book&quot;,&quot;schema:name&quot;:&quot;Discovering the Life Span (Review)&quot;,&quot;schema:keywords&quot;:[&quot;REVEL&quot;,&quot;Review&quot;],&quot;schema:description&quot;:&quot;AAA&quot;,&quot;schema:author&quot;:[{&quot;@type&quot;:&quot;schema:Person&quot;,&quot;schema:familyName&quot;:&quot;Feldman, Robert S.&quot;}],&quot;schema:brand&quot;:{&quot;@type&quot;:&quot;schema:Brand&quot;,&quot;schema:name&quot;:&quot;REVEL&quot;}},&quot;matchedFields&quot;:{&quot;schema:brand.schema:url&quot;:&quot;[http://pearsonhighered.com/&lt;em&gt;revel&lt;/em&gt;]&quot;,&quot;cnt:auxiliaryFields.image.catalog.url&quot;:&quot;[https://&lt;em&gt;revel&lt;/em&gt;-stg.pearson.com/eps/sanvan/api/item/b343e692-2ff1-44f1-a9e0-f523a2de7546/100/file/metrodigi_fieldman_v8_Chapthumbnail/OPS/public/images/catalog.jpg]&quot;,&quot;schema:keywords&quot;:&quot;[&lt;em&gt;REVEL&lt;/em&gt;]&quot;,&quot;schema:brand.schema:name&quot;:&quot;[&lt;em&gt;REVEL&lt;/em&gt;]&quot;,&quot;cnt:auxiliaryFields._providerSystem.name.raw&quot;:&quot;[&lt;em&gt;revelStandalone&lt;/em&gt;]&quot;,&quot;cnt:auxiliaryFields._providerSystem.name&quot;:&quot;[&lt;em&gt;revelStandalone&lt;/em&gt;]&quot;}}]},{&quot;key&quot;:&quot;Anthropology: The Basics (Review)&quot;,&quot;count&quot;:4,&quot;productsList&quot;:[{&quot;productId&quot;:&quot;2773301f-bfbf-4de6-9011-4a10d39d8fa9-REV&quot;,&quot;source&quot;:{&quot;@context&quot;:{&quot;cnt&quot;:&quot;http://schema.pearson.com/ns/content/&quot;,&quot;bf&quot;:&quot;http://bibframe.org/vocab/&quot;,&quot;schema&quot;:&quot;http://schema.org/&quot;},&quot;@type&quot;:&quot;schema:Book&quot;,&quot;schema:name&quot;:&quot;Anthropology: The Basics (Review)&quot;,&quot;schema:keywords&quot;:[&quot;REVEL&quot;,&quot;Review&quot;],&quot;schema:description&quot;:&quot;venkat&quot;,&quot;schema:author&quot;:[{&quot;@type&quot;:&quot;schema:Person&quot;,&quot;schema:familyName&quot;:&quot;Christopher R. DeCorse and Raymond Scupin&quot;}],&quot;schema:brand&quot;:{&quot;@type&quot;:&quot;schema:Brand&quot;,&quot;schema:name&quot;:&quot;REVEL&quot;}},&quot;matchedFields&quot;:{&quot;schema:brand.schema:url&quot;:&quot;[http://pearsonhighered.com/&lt;em&gt;revel&lt;/em&gt;]&quot;,&quot;cnt:auxiliaryFields.image.catalog.url&quot;:&quot;[https://&lt;em&gt;revel&lt;/em&gt;-stg.pearson.com/eps/sanvan/api/item/2773301f-bfbf-4de6-9011-4a10d39d8fa9/100/file/&lt;em&gt;revel_habitat_scupin&lt;/em&gt;-full-7-31-15_sjg/OPS/public/images/catalog.jpg]&quot;,&quot;schema:keywords&quot;:&quot;[&lt;em&gt;REVEL&lt;/em&gt;]&quot;,&quot;schema:brand.schema:name&quot;:&quot;[&lt;em&gt;REVEL&lt;/em&gt;]&quot;,&quot;cnt:auxiliaryFields._providerSystem.name.raw&quot;:&quot;[&lt;em&gt;revelStandalone&lt;/em&gt;]&quot;,&quot;cnt:auxiliaryFields._providerSystem.name&quot;:&quot;[&lt;em&gt;revelStandalone&lt;/em&gt;]&quot;}},{&quot;productId&quot;:&quot;42ebf34f-47d2-4337-ac93-447bff1fd048-REV&quot;,&quot;source&quot;:{&quot;@context&quot;:{&quot;cnt&quot;:&quot;http://schema.pearson.com/ns/content/&quot;,&quot;bf&quot;:&quot;http://bibframe.org/vocab/&quot;,&quot;schema&quot;:&quot;http://schema.org/&quot;},&quot;@type&quot;:&quot;schema:Book&quot;,&quot;schema:name&quot;:&quot;Anthropology: The Basics (Review)&quot;,&quot;schema:keywords&quot;:[&quot;REVEL&quot;,&quot;Review&quot;],&quot;schema:description&quot;:&quot;Description&quot;,&quot;schema:author&quot;:[{&quot;@type&quot;:&quot;schema:Person&quot;,&quot;schema:familyName&quot;:&quot;Christopher R. DeCorse and Raymond Scupin&quot;}],&quot;schema:brand&quot;:{&quot;@type&quot;:&quot;schema:Brand&quot;,&quot;schema:name&quot;:&quot;REVEL&quot;}},&quot;matchedFields&quot;:{&quot;schema:brand.schema:url&quot;:&quot;[http://pearsonhighered.com/&lt;em&gt;revel&lt;/em&gt;]&quot;,&quot;cnt:auxiliaryFields.image.catalog.url&quot;:&quot;[https://&lt;em&gt;revel&lt;/em&gt;-stg.pearson.com/eps/sanvan/api/item/56c7fe37-c438-4714-b32d-cb73a4eba7f1/100/file/&lt;em&gt;revel_habitat_scupin&lt;/em&gt;-full-7-31-15_sjg/OPS/public/images/catalog.jpg]&quot;,&quot;schema:keywords&quot;:&quot;[&lt;em&gt;REVEL&lt;/em&gt;]&quot;,&quot;schema:brand.schema:name&quot;:&quot;[&lt;em&gt;REVEL&lt;/em&gt;]&quot;,&quot;cnt:auxiliaryFields._providerSystem.name.raw&quot;:&quot;[&lt;em&gt;revelStandalone&lt;/em&gt;]&quot;,&quot;cnt:auxiliaryFields._providerSystem.name&quot;:&quot;[&lt;em&gt;revelStandalone&lt;/em&gt;]&quot;}}]},{&quot;key&quot;:&quot;Judge Revel Live Sample (Review)&quot;,&quot;count&quot;:4,&quot;productsList&quot;:[{&quot;productId&quot;:&quot;757d72a0-a38d-11e5-92f9-99518addcf4a-REV&quot;,&quot;source&quot;:{&quot;@context&quot;:{&quot;cnt&quot;:&quot;http://schema.pearson.com/ns/content/&quot;,&quot;bf&quot;:&quot;http://bibframe.org/vocab/&quot;,&quot;schema&quot;:&quot;http://schema.org/&quot;},&quot;@type&quot;:&quot;schema:Book&quot;,&quot;schema:name&quot;:&quot;Judge Revel Live Sample (Review)&quot;,&quot;schema:keywords&quot;:[&quot;REVEL&quot;,&quot;Review&quot;],&quot;schema:description&quot;:&quot;sdf&quot;,&quot;schema:author&quot;:[{&quot;@type&quot;:&quot;schema:Person&quot;,&quot;schema:familyName&quot;:&quot;dsf&quot;}],&quot;schema:brand&quot;:{&quot;@type&quot;:&quot;schema:Brand&quot;,&quot;schema:name&quot;:&quot;REVEL&quot;}},&quot;matchedFields&quot;:{&quot;schema:brand.schema:url&quot;:&quot;[http://pearsonhighered.com/&lt;em&gt;revel&lt;/em&gt;]&quot;,&quot;cnt:auxiliaryFields.image.catalog.url&quot;:&quot;[https://&lt;em&gt;revel&lt;/em&gt;-stg.pearson.com/eps/sanvan/api/item/757d72a0-a38d-11e5-92f9-99518addcf4a/100/file, /judge-c-3e-ch15-&lt;em&gt;revel_v1a&lt;/em&gt;/OPS/public/images/catalog.jpg]&quot;,&quot;schema:keywords&quot;:&quot;[&lt;em&gt;REVEL&lt;/em&gt;]&quot;,&quot;schema:name&quot;:&quot;[Judge &lt;em&gt;Revel&lt;/em&gt; Live Sample (Review)]&quot;,&quot;cnt:auxiliaryFields.slug&quot;:&quot;[judge-&lt;em&gt;revel&lt;/em&gt;-live-sample-review]&quot;,&quot;schema:brand.schema:name&quot;:&quot;[&lt;em&gt;REVEL&lt;/em&gt;]&quot;,&quot;cnt:auxiliaryFields._providerSystem.name.raw&quot;:&quot;[&lt;em&gt;revelStandalone&lt;/em&gt;]&quot;,&quot;cnt:auxiliaryFields._providerSystem.name&quot;:&quot;[&lt;em&gt;revelStandalone&lt;/em&gt;]&quot;}},{&quot;productId&quot;:&quot;1e942cc3-83e3-4062-a933-d92c5044d067-REV&quot;,&quot;source&quot;:{&quot;@context&quot;:{&quot;cnt&quot;:&quot;http://schema.pearson.com/ns/content/&quot;,&quot;bf&quot;:&quot;http://bibframe.org/vocab/&quot;,&quot;schema&quot;:&quot;http://schema.org/&quot;},&quot;@type&quot;:&quot;schema:Book&quot;,&quot;schema:name&quot;:&quot;Judge Revel Live Sample (Review)&quot;,&quot;schema:keywords&quot;:[&quot;REVEL&quot;,&quot;Review&quot;],&quot;schema:description&quot;:&quot;Golden Gate upload test.&quot;,&quot;schema:author&quot;:[{&quot;@type&quot;:&quot;schema:Person&quot;,&quot;schema:familyName&quot;:&quot;Mike Jones&quot;}],&quot;schema:brand&quot;:{&quot;@type&quot;:&quot;schema:Brand&quot;,&quot;schema:name&quot;:&quot;REVEL&quot;}},&quot;matchedFields&quot;:{&quot;schema:brand.schema:url&quot;:&quot;[http://pearsonhighered.com/&lt;em&gt;revel&lt;/em&gt;]&quot;,&quot;cnt:auxiliaryFields.image.catalog.url&quot;:&quot;[https://&lt;em&gt;revel&lt;/em&gt;-stg.pearson.com/eps/sanvan/api/item/1e942cc3-83e3-4062-a933-d92c5044d067/100/file/judge-NoSW/OPS/public/images/catalog.jpg]&quot;,&quot;schema:keywords&quot;:&quot;[&lt;em&gt;REVEL&lt;/em&gt;]&quot;,&quot;schema:name&quot;:&quot;[Judge &lt;em&gt;Revel&lt;/em&gt; Live Sample (Review)]&quot;,&quot;cnt:auxiliaryFields.slug&quot;:&quot;[judge-&lt;em&gt;revel&lt;/em&gt;-live-sample-review]&quot;,&quot;schema:brand.schema:name&quot;:&quot;[&lt;em&gt;REVEL&lt;/em&gt;]&quot;,&quot;cnt:auxiliaryFields._providerSystem.name.raw&quot;:&quot;[&lt;em&gt;revelStandalone&lt;/em&gt;]&quot;,&quot;cnt:auxiliaryFields._providerSystem.name&quot;:&quot;[&lt;em&gt;revelStandalone&lt;/em&gt;]&quot;}}]},{&quot;key&quot;:&quot;Ash_Judge Revel Live Sample (Review)&quot;,&quot;count&quot;:2,&quot;productsList&quot;:[{&quot;productId&quot;:&quot;d3ef5990-7398-11e5-8d16-516d7d680df6-REV&quot;,&quot;source&quot;:{&quot;@context&quot;:{&quot;cnt&quot;:&quot;http://schema.pearson.com/ns/content/&quot;,&quot;bf&quot;:&quot;http://bibframe.org/vocab/&quot;,&quot;schema&quot;:&quot;http://schema.org/&quot;},&quot;@type&quot;:&quot;schema:Book&quot;,&quot;schema:name&quot;:&quot;Ash_Judge Revel Live Sample (Review)&quot;,&quot;schema:keywords&quot;:[&quot;REVEL&quot;,&quot;Review&quot;],&quot;schema:description&quot;:&quot;ash&quot;,&quot;schema:author&quot;:[{&quot;@type&quot;:&quot;schema:Person&quot;,&quot;schema:familyName&quot;:&quot;ash&quot;}],&quot;schema:brand&quot;:{&quot;@type&quot;:&quot;schema:Brand&quot;,&quot;schema:name&quot;:&quot;REVEL&quot;}},&quot;matchedFields&quot;:{&quot;schema:brand.schema:url&quot;:&quot;[http://pearsonhighered.com/&lt;em&gt;revel&lt;/em&gt;]&quot;,&quot;cnt:auxiliaryFields.image.catalog.url&quot;:&quot;[https://&lt;em&gt;revel&lt;/em&gt;-stg.pearson.com/eps/sanvan/api/item/61854f02-e68e-42b4-95c3-46b2b876962d/100/file, /judge-c-3e-ch15-&lt;em&gt;revel_v1a&lt;/em&gt;/OPS/public/images/catalog.jpg]&quot;,&quot;schema:keywords&quot;:&quot;[&lt;em&gt;REVEL&lt;/em&gt;]&quot;,&quot;schema:name&quot;:&quot;[Ash_Judge &lt;em&gt;Revel&lt;/em&gt; Live Sample (Review)]&quot;,&quot;cnt:auxiliaryFields.slug&quot;:&quot;[ash_judge-&lt;em&gt;revel&lt;/em&gt;-live-sample-review]&quot;,&quot;schema:brand.schema:name&quot;:&quot;[&lt;em&gt;REVEL&lt;/em&gt;]&quot;,&quot;cnt:auxiliaryFields._providerSystem.name.raw&quot;:&quot;[&lt;em&gt;revelStandalone&lt;/em&gt;]&quot;,&quot;cnt:auxiliaryFields._providerSystem.name&quot;:&quot;[&lt;em&gt;revelStandalone&lt;/em&gt;]&quot;}},{&quot;productId&quot;:&quot;d3ef5990-7398-11e5-8d16-123d7d680df6-REV&quot;,&quot;source&quot;:{&quot;@context&quot;:{&quot;cnt&quot;:&quot;http://schema.pearson.com/ns/content/&quot;,&quot;bf&quot;:&quot;http://bibframe.org/vocab/&quot;,&quot;schema&quot;:&quot;http://schema.org/&quot;},&quot;@type&quot;:&quot;schema:Book&quot;,&quot;schema:name&quot;:&quot;Ash_Judge Revel Live Sample (Review)&quot;,&quot;schema:keywords&quot;:[&quot;REVEL&quot;,&quot;Review&quot;],&quot;schema:description&quot;:&quot;ash&quot;,&quot;schema:author&quot;:[{&quot;@type&quot;:&quot;schema:Person&quot;,&quot;schema:familyName&quot;:&quot;ash&quot;}],&quot;schema:brand&quot;:{&quot;@type&quot;:&quot;schema:Brand&quot;,&quot;schema:name&quot;:&quot;REVEL&quot;}},&quot;matchedFields&quot;:{&quot;schema:brand.schema:url&quot;:&quot;[http://pearsonhighered.com/&lt;em&gt;revel&lt;/em&gt;]&quot;,&quot;cnt:auxiliaryFields.image.catalog.url&quot;:&quot;[https://&lt;em&gt;revel&lt;/em&gt;-stg.pearson.com/eps/sanvan/api/item/61854f02-e68e-42b4-95c3-46b2b876962d/100/file, /judge-c-3e-ch15-&lt;em&gt;revel_v1a&lt;/em&gt;/OPS/public/images/catalog.jpg]&quot;,&quot;schema:keywords&quot;:&quot;[&lt;em&gt;REVEL&lt;/em&gt;]&quot;,&quot;schema:name&quot;:&quot;[Ash_Judge &lt;em&gt;Revel&lt;/em&gt; Live Sample (Review)]&quot;,&quot;cnt:auxiliaryFields.slug&quot;:&quot;[ash_judge-&lt;em&gt;revel&lt;/em&gt;-live-sample-review]&quot;,&quot;schema:brand.schema:name&quot;:&quot;[&lt;em&gt;REVEL&lt;/em&gt;]&quot;,&quot;cnt:auxiliaryFields._providerSystem.name.raw&quot;:&quot;[&lt;em&gt;revelStandalone&lt;/em&gt;]&quot;,&quot;cnt:auxiliaryFields._providerSystem.name&quot;:&quot;[&lt;em&gt;revelStandalone&lt;/em&gt;]&quot;}}]},{&quot;key&quot;:&quot;Ciccarelli (Review)&quot;,&quot;count&quot;:2,&quot;productsList&quot;:[{&quot;productId&quot;:&quot;bc06dbe0-7367-11e5-8d16-516d7d680df6-REV&quot;,&quot;source&quot;:{&quot;@context&quot;:{&quot;cnt&quot;:&quot;http://schema.pearson.com/ns/content/&quot;,&quot;bf&quot;:&quot;http://bibframe.org/vocab/&quot;,&quot;schema&quot;:&quot;http://schema.org/&quot;},&quot;@type&quot;:&quot;schema:Book&quot;,&quot;schema:name&quot;:&quot;Ciccarelli (Review)&quot;,&quot;schema:keywords&quot;:[&quot;REVEL&quot;,&quot;Review&quot;],&quot;schema:description&quot;:&quot;test&quot;,&quot;schema:author&quot;:[{&quot;@type&quot;:&quot;schema:Person&quot;,&quot;schema:familyName&quot;:&quot;Pearson&quot;}],&quot;schema:brand&quot;:{&quot;@type&quot;:&quot;schema:Brand&quot;,&quot;schema:name&quot;:&quot;REVEL&quot;}},&quot;matchedFields&quot;:{&quot;schema:brand.schema:url&quot;:&quot;[http://pearsonhighered.com/&lt;em&gt;revel&lt;/em&gt;]&quot;,&quot;cnt:auxiliaryFields.image.catalog.url&quot;:&quot;[https://&lt;em&gt;revel&lt;/em&gt;-stg.pearson.com/eps/sanvan/api/item/083bba94-d0d3-4c18-a6ec-0a71e02d88e3/100/file/Ciccaralli_Pearson_v15_Habitat/OPS/public/images/catalog.jpg]&quot;,&quot;schema:keywords&quot;:&quot;[&lt;em&gt;REVEL&lt;/em&gt;]&quot;,&quot;schema:brand.schema:name&quot;:&quot;[&lt;em&gt;REVEL&lt;/em&gt;]&quot;,&quot;cnt:auxiliaryFields._providerSystem.name.raw&quot;:&quot;[&lt;em&gt;revelStandalone&lt;/em&gt;]&quot;,&quot;cnt:auxiliaryFields._providerSystem.name&quot;:&quot;[&lt;em&gt;revelStandalone&lt;/em&gt;]&quot;}},{&quot;productId&quot;:&quot;a126ff60-d341-11e4-b2c1-e7457bbe8723-REV&quot;,&quot;source&quot;:{&quot;@context&quot;:{&quot;cnt&quot;:&quot;http://schema.pearson.com/ns/content/&quot;,&quot;bf&quot;:&quot;http://bibframe.org/vocab/&quot;,&quot;schema&quot;:&quot;http://schema.org/&quot;},&quot;@type&quot;:&quot;schema:Book&quot;,&quot;schema:name&quot;:&quot;Ciccarelli (Review)&quot;,&quot;schema:keywords&quot;:[&quot;REVEL&quot;,&quot;Review&quot;],&quot;schema:description&quot;:&quot;Cic&quot;,&quot;schema:author&quot;:[{&quot;@type&quot;:&quot;schema:Person&quot;,&quot;schema:familyName&quot;:&quot;Pearson&quot;}],&quot;schema:brand&quot;:{&quot;@type&quot;:&quot;schema:Brand&quot;,&quot;schema:name&quot;:&quot;REVEL&quot;}},&quot;matchedFields&quot;:{&quot;schema:brand.schema:url&quot;:&quot;[http://pearsonhighered.com/&lt;em&gt;revel&lt;/em&gt;]&quot;,&quot;cnt:auxiliaryFields.image.catalog.url&quot;:&quot;[https://content.stg-openclass.com/eps/sanvan/api/item/747d9539-6491-49c4-b6ec-301b56785f48/100/file/pearson_ciccarelli_v15-&lt;em&gt;revel&lt;/em&gt;-2/OPS/public/images/catalog.jpg]&quot;,&quot;schema:keywords&quot;:&quot;[&lt;em&gt;REVEL&lt;/em&gt;]&quot;,&quot;schema:brand.schema:name&quot;:&quot;[&lt;em&gt;REVEL&lt;/em&gt;]&quot;,&quot;cnt:auxiliaryFields._providerSystem.name.raw&quot;:&quot;[&lt;em&gt;revelStandalone&lt;/em&gt;]&quot;,&quot;cnt:auxiliaryFields._providerSystem.name&quot;:&quot;[&lt;em&gt;revelStandalone&lt;/em&gt;]&quot;}}]},{&quot;key&quot;:&quot;Essentials of Sociology: A Down-to-Earth Approach, Eleventh Edition (Review)&quot;,&quot;count&quot;:2,&quot;productsList&quot;:[{&quot;productId&quot;:&quot;9c56a104-3a7a-40f2-827c-004113396326-REV&quot;,&quot;source&quot;:{&quot;@context&quot;:{&quot;cnt&quot;:&quot;http://schema.pearson.com/ns/content/&quot;,&quot;bf&quot;:&quot;http://bibframe.org/vocab/&quot;,&quot;schema&quot;:&quot;http://schema.org/&quot;},&quot;@type&quot;:&quot;schema:Book&quot;,&quot;schema:name&quot;:&quot;Essentials of Sociology: A Down-to-Earth Approach, Eleventh Edition (Review)&quot;,&quot;schema:keywords&quot;:[&quot;REVEL&quot;,&quot;Review&quot;],&quot;schema:description&quot;:&quot;essentials of sociology&quot;,&quot;schema:author&quot;:[{&quot;@type&quot;:&quot;schema:Person&quot;,&quot;schema:familyName&quot;:&quot;Henslin, James M.&quot;}],&quot;schema:brand&quot;:{&quot;@type&quot;:&quot;schema:Brand&quot;,&quot;schema:name&quot;:&quot;REVEL&quot;}},&quot;matchedFields&quot;:{&quot;schema:brand.schema:url&quot;:&quot;[http://pearsonhighered.com/&lt;em&gt;revel&lt;/em&gt;]&quot;,&quot;cnt:auxiliaryFields.image.catalog.url&quot;:&quot;[https://&lt;em&gt;revel&lt;/em&gt;-stg.pearson.com/eps/sanvan/api/item/9c56a104-3a7a-40f2-827c-004113396326/102/file]&quot;,&quot;schema:keywords&quot;:&quot;[&lt;em&gt;REVEL&lt;/em&gt;]&quot;,&quot;schema:brand.schema:name&quot;:&quot;[&lt;em&gt;REVEL&lt;/em&gt;]&quot;,&quot;cnt:auxiliaryFields._providerSystem.name.raw&quot;:&quot;[&lt;em&gt;revelStandalone&lt;/em&gt;]&quot;,&quot;cnt:auxiliaryFields._providerSystem.name&quot;:&quot;[&lt;em&gt;revelStandalone&lt;/em&gt;]&quot;}},{&quot;productId&quot;:&quot;b938d337-73d4-43f3-b043-d89fd69e8506-REV&quot;,&quot;source&quot;:{&quot;@context&quot;:{&quot;cnt&quot;:&quot;http://schema.pearson.com/ns/content/&quot;,&quot;bf&quot;:&quot;http://bibframe.org/vocab/&quot;,&quot;schema&quot;:&quot;http://schema.org/&quot;},&quot;@type&quot;:&quot;schema:Book&quot;,&quot;schema:name&quot;:&quot;Essentials of Sociology: A Down-to-Earth Approach, Eleventh Edition (Review)&quot;,&quot;schema:keywords&quot;:[&quot;REVEL&quot;,&quot;Review&quot;],&quot;schema:description&quot;:&quot;testing&quot;,&quot;schema:author&quot;:[{&quot;@type&quot;:&quot;schema:Person&quot;,&quot;schema:familyName&quot;:&quot;Henslin, James M.&quot;}],&quot;schema:brand&quot;:{&quot;@type&quot;:&quot;schema:Brand&quot;,&quot;schema:name&quot;:&quot;REVEL&quot;}},&quot;matchedFields&quot;:{&quot;schema:brand.schema:url&quot;:&quot;[http://pearsonhighered.com/&lt;em&gt;revel&lt;/em&gt;]&quot;,&quot;cnt:auxiliaryFields.image.catalog.url&quot;:&quot;[https://&lt;em&gt;revel&lt;/em&gt;-stg.pearson.com/eps/sanvan/api/item/b938d337-73d4-43f3-b043-d89fd69e8506/100/file]&quot;,&quot;schema:keywords&quot;:&quot;[&lt;em&gt;REVEL&lt;/em&gt;]&quot;,&quot;schema:brand.schema:name&quot;:&quot;[&lt;em&gt;REVEL&lt;/em&gt;]&quot;,&quot;cnt:auxiliaryFields._providerSystem.name.raw&quot;:&quot;[&lt;em&gt;revelStandalone&lt;/em&gt;]&quot;,&quot;cnt:auxiliaryFields._providerSystem.name&quot;:&quot;[&lt;em&gt;revelStandalone&lt;/em&gt;]&quot;}}]},{&quot;key&quot;:&quot;Ethics and the Conduct of Business (Review)&quot;,&quot;count&quot;:2,&quot;productsList&quot;:[{&quot;productId&quot;:&quot;c7239e17-cce8-40d0-9b72-207fc0a0cecb-REV&quot;,&quot;source&quot;:{&quot;@context&quot;:{&quot;cnt&quot;:&quot;http://schema.pearson.com/ns/content/&quot;,&quot;bf&quot;:&quot;http://bibframe.org/vocab/&quot;,&quot;schema&quot;:&quot;http://schema.org/&quot;},&quot;@type&quot;:&quot;schema:Book&quot;,&quot;schema:name&quot;:&quot;Ethics and the Conduct of Business (Review)&quot;,&quot;schema:keywords&quot;:[&quot;REVEL&quot;,&quot;Review&quot;],&quot;schema:description&quot;:&quot;978-0-672-12345-0&quot;,&quot;schema:author&quot;:[{&quot;@type&quot;:&quot;schema:Person&quot;,&quot;schema:familyName&quot;:&quot;John R. Boatright&quot;}],&quot;schema:brand&quot;:{&quot;@type&quot;:&quot;schema:Brand&quot;,&quot;schema:name&quot;:&quot;REVEL&quot;}},&quot;matchedFields&quot;:{&quot;schema:brand.schema:url&quot;:&quot;[http://pearsonhighered.com/&lt;em&gt;revel&lt;/em&gt;]&quot;,&quot;cnt:auxiliaryFields.image.catalog.url&quot;:&quot;[https://&lt;em&gt;revel&lt;/em&gt;-stg.pearson.com/eps/sanvan/api/item/c7239e17-cce8-40d0-9b72-207fc0a0cecb/100/file/Boatright_BizEthics_v4/OPS/public/images/catalog.jpg]&quot;,&quot;schema:keywords&quot;:&quot;[&lt;em&gt;REVEL&lt;/em&gt;]&quot;,&quot;schema:brand.schema:name&quot;:&quot;[&lt;em&gt;REVEL&lt;/em&gt;]&quot;,&quot;cnt:auxiliaryFields._providerSystem.name.raw&quot;:&quot;[&lt;em&gt;revelStandalone&lt;/em&gt;]&quot;,&quot;cnt:auxiliaryFields._providerSystem.name&quot;:&quot;[&lt;em&gt;revelStandalone&lt;/em&gt;]&quot;}},{&quot;productId&quot;:&quot;32e8a810-fb03-11e5-9430-933a24097008-REV&quot;,&quot;source&quot;:{&quot;@context&quot;:{&quot;cnt&quot;:&quot;http://schema.pearson.com/ns/content/&quot;,&quot;bf&quot;:&quot;http://bibframe.org/vocab/&quot;,&quot;schema&quot;:&quot;http://schema.org/&quot;},&quot;@type&quot;:&quot;schema:Book&quot;,&quot;schema:name&quot;:&quot;Ethics and the Conduct of Business (Review)&quot;,&quot;schema:keywords&quot;:[&quot;REVEL&quot;,&quot;Review&quot;],&quot;schema:description&quot;:&quot;978-0-672-12345-0&quot;,&quot;schema:author&quot;:[{&quot;@type&quot;:&quot;schema:Person&quot;,&quot;schema:familyName&quot;:&quot;John R. Boatright&quot;}],&quot;schema:brand&quot;:{&quot;@type&quot;:&quot;schema:Brand&quot;,&quot;schema:name&quot;:&quot;REVEL&quot;}},&quot;matchedFields&quot;:{&quot;schema:brand.schema:url&quot;:&quot;[http://pearsonhighered.com/&lt;em&gt;revel&lt;/em&gt;]&quot;,&quot;cnt:auxiliaryFields.image.catalog.url&quot;:&quot;[https://&lt;em&gt;revel&lt;/em&gt;-stg.pearson.com/eps/sanvan/api/item/32e8a810-fb03-11e5-9430-933a24097008/100/file/Boatright_BizEthics_v4/OPS/public/images/catalog.jpg]&quot;,&quot;schema:keywords&quot;:&quot;[&lt;em&gt;REVEL&lt;/em&gt;]&quot;,&quot;schema:brand.schema:name&quot;:&quot;[&lt;em&gt;REVEL&lt;/em&gt;]&quot;,&quot;cnt:auxiliaryFields._providerSystem.name.raw&quot;:&quot;[&lt;em&gt;revelStandalone&lt;/em&gt;]&quot;,&quot;cnt:auxiliaryFields._providerSystem.name&quot;:&quot;[&lt;em&gt;revelStandalone&lt;/em&gt;]&quot;}}]},{&quot;key&quot;:&quot;Fundamentals of Human Resource Management, 4/e final check (Review)&quot;,&quot;count&quot;:2,&quot;productsList&quot;:[{&quot;productId&quot;:&quot;47874a60-773c-11e5-9e59-2727b8563325-REV&quot;,&quot;source&quot;:{&quot;@context&quot;:{&quot;cnt&quot;:&quot;http://schema.pearson.com/ns/content/&quot;,&quot;bf&quot;:&quot;http://bibframe.org/vocab/&quot;,&quot;schema&quot;:&quot;http://schema.org/&quot;},&quot;@type&quot;:&quot;schema:Book&quot;,&quot;schema:name&quot;:&quot;Fundamentals of Human Resource Management, 4/e final check (Review)&quot;,&quot;schema:keywords&quot;:[&quot;REVEL&quot;,&quot;Review&quot;],&quot;schema:description&quot;:&quot;Fundamentals of Human Resource Management, 4/e&quot;,&quot;schema:author&quot;:[{&quot;@type&quot;:&quot;schema:Person&quot;,&quot;schema:familyName&quot;:&quot;Gary Dessler&quot;}],&quot;schema:brand&quot;:{&quot;@type&quot;:&quot;schema:Brand&quot;,&quot;schema:name&quot;:&quot;REVEL&quot;}},&quot;matchedFields&quot;:{&quot;schema:brand.schema:url&quot;:&quot;[http://pearsonhighered.com/&lt;em&gt;revel&lt;/em&gt;]&quot;,&quot;cnt:auxiliaryFields.image.catalog.url&quot;:&quot;[https://&lt;em&gt;revel&lt;/em&gt;-stg.pearson.com/eps/sanvan/api/item/d3e26667-9916-4e7d-8a30-aef85468a766/1/file/images/default_catalog.jpg]&quot;,&quot;schema:keywords&quot;:&quot;[&lt;em&gt;REVEL&lt;/em&gt;]&quot;,&quot;schema:brand.schema:name&quot;:&quot;[&lt;em&gt;REVEL&lt;/em&gt;]&quot;,&quot;cnt:auxiliaryFields._providerSystem.name.raw&quot;:&quot;[&lt;em&gt;revelStandalone&lt;/em&gt;]&quot;,&quot;cnt:auxiliaryFields._providerSystem.name&quot;:&quot;[&lt;em&gt;revelStandalone&lt;/em&gt;]&quot;}},{&quot;productId&quot;:&quot;cb6e4140-77b3-11e5-848a-ffa53b74d837-REV&quot;,&quot;source&quot;:{&quot;@context&quot;:{&quot;cnt&quot;:&quot;http://schema.pearson.com/ns/content/&quot;,&quot;bf&quot;:&quot;http://bibframe.org/vocab/&quot;,&quot;schema&quot;:&quot;http://schema.org/&quot;},&quot;@type&quot;:&quot;schema:Book&quot;,&quot;schema:name&quot;:&quot;Fundamentals of Human Resource Management, 4/e final check (Review)&quot;,&quot;schema:keywords&quot;:[&quot;REVEL&quot;,&quot;Review&quot;],&quot;schema:description&quot;:&quot;Fundamentals of Human Resource Management, 4/e&quot;,&quot;schema:author&quot;:[{&quot;@type&quot;:&quot;schema:Person&quot;,&quot;schema:familyName&quot;:&quot;Gary Dessler&quot;}],&quot;schema:brand&quot;:{&quot;@type&quot;:&quot;schema:Brand&quot;,&quot;schema:name&quot;:&quot;REVEL&quot;}},&quot;matchedFields&quot;:{&quot;schema:brand.schema:url&quot;:&quot;[http://pearsonhighered.com/&lt;em&gt;revel&lt;/em&gt;]&quot;,&quot;cnt:auxiliaryFields.image.catalog.url&quot;:&quot;[https://&lt;em&gt;revel&lt;/em&gt;-stg.pearson.com/eps/sanvan/api/item/d3e26667-9916-4e7d-8a30-aef85468a766/1/file/images/default_catalog.jpg]&quot;,&quot;schema:keywords&quot;:&quot;[&lt;em&gt;REVEL&lt;/em&gt;]&quot;,&quot;schema:brand.schema:name&quot;:&quot;[&lt;em&gt;REVEL&lt;/em&gt;]&quot;,&quot;cnt:auxiliaryFields._providerSystem.name.raw&quot;:&quot;[&lt;em&gt;revelStandalone&lt;/em&gt;]&quot;,&quot;cnt:auxiliaryFields._providerSystem.name&quot;:&quot;[&lt;em&gt;revelStandalone&lt;/em&gt;]&quot;}}]},{&quot;key&quot;:&quot;Fundamentals of Human Resource Management, 4/e sandeep (Review)&quot;,&quot;count&quot;:2,&quot;productsList&quot;:[{&quot;productId&quot;:&quot;ce7988a0-77b7-11e5-a4de-4dd25b3cdecf-REV&quot;,&quot;source&quot;:{&quot;@context&quot;:{&quot;cnt&quot;:&quot;http://schema.pearson.com/ns/content/&quot;,&quot;bf&quot;:&quot;http://bibframe.org/vocab/&quot;,&quot;schema&quot;:&quot;http://schema.org/&quot;},&quot;@type&quot;:&quot;schema:Book&quot;,&quot;schema:name&quot;:&quot;Fundamentals of Human Resource Management, 4/e sandeep (Review)&quot;,&quot;schema:keywords&quot;:[&quot;REVEL&quot;,&quot;Review&quot;],&quot;schema:description&quot;:&quot;Fundamentals of Human Resource Management, 4/e&quot;,&quot;schema:author&quot;:[{&quot;@type&quot;:&quot;schema:Person&quot;,&quot;schema:familyName&quot;:&quot;Gary Dessler&quot;}],&quot;schema:brand&quot;:{&quot;@type&quot;:&quot;schema:Brand&quot;,&quot;schema:name&quot;:&quot;REVEL&quot;}},&quot;matchedFields&quot;:{&quot;schema:brand.schema:url&quot;:&quot;[http://pearsonhighered.com/&lt;em&gt;revel&lt;/em&gt;]&quot;,&quot;cnt:auxiliaryFields.image.catalog.url&quot;:&quot;[https://&lt;em&gt;revel&lt;/em&gt;-stg.pearson.com/eps/sanvan/api/item/d3e26667-9916-4e7d-8a30-aef85468a766/1/file/images/default_catalog.jpg]&quot;,&quot;schema:keywords&quot;:&quot;[&lt;em&gt;REVEL&lt;/em&gt;]&quot;,&quot;schema:brand.schema:name&quot;:&quot;[&lt;em&gt;REVEL&lt;/em&gt;]&quot;,&quot;cnt:auxiliaryFields._providerSystem.name.raw&quot;:&quot;[&lt;em&gt;revelStandalone&lt;/em&gt;]&quot;,&quot;cnt:auxiliaryFields._providerSystem.name&quot;:&quot;[&lt;em&gt;revelStandalone&lt;/em&gt;]&quot;}},{&quot;productId&quot;:&quot;ae5777f0-7738-11e5-8017-3de3371bae78-REV&quot;,&quot;source&quot;:{&quot;@context&quot;:{&quot;cnt&quot;:&quot;http://schema.pearson.com/ns/content/&quot;,&quot;bf&quot;:&quot;http://bibframe.org/vocab/&quot;,&quot;schema&quot;:&quot;http://schema.org/&quot;},&quot;@type&quot;:&quot;schema:Book&quot;,&quot;schema:name&quot;:&quot;Fundamentals of Human Resource Management, 4/e sandeep (Review)&quot;,&quot;schema:keywords&quot;:[&quot;REVEL&quot;,&quot;Review&quot;],&quot;schema:description&quot;:&quot;Fundamentals of Human Resource Management, 4/e&quot;,&quot;schema:author&quot;:[{&quot;@type&quot;:&quot;schema:Person&quot;,&quot;schema:familyName&quot;:&quot;Gary Dessler&quot;}],&quot;schema:brand&quot;:{&quot;@type&quot;:&quot;schema:Brand&quot;,&quot;schema:name&quot;:&quot;REVEL&quot;}},&quot;matchedFields&quot;:{&quot;schema:brand.schema:url&quot;:&quot;[http://pearsonhighered.com/&lt;em&gt;revel&lt;/em&gt;]&quot;,&quot;cnt:auxiliaryFields.image.catalog.url&quot;:&quot;[https://&lt;em&gt;revel&lt;/em&gt;-stg.pearson.com/eps/sanvan/api/item/d3e26667-9916-4e7d-8a30-aef85468a766/1/file/images/default_catalog.jpg]&quot;,&quot;schema:keywords&quot;:&quot;[&lt;em&gt;REVEL&lt;/em&gt;]&quot;,&quot;schema:brand.schema:name&quot;:&quot;[&lt;em&gt;REVEL&lt;/em&gt;]&quot;,&quot;cnt:auxiliaryFields._providerSystem.name.raw&quot;:&quot;[&lt;em&gt;revelStandalone&lt;/em&gt;]&quot;,&quot;cnt:auxiliaryFields._providerSystem.name&quot;:&quot;[&lt;em&gt;revelStandalone&lt;/em&gt;]&quot;}}]},{&quot;key&quot;:&quot;Fundamentals¢ofÌHuman Resourceó ManagementÀ4/e (Review)&quot;,&quot;count&quot;:2,&quot;productsList&quot;:[{&quot;productId&quot;:&quot;911910c2-9bf7-4ccd-b722-f471aa35d937-REV&quot;,&quot;source&quot;:{&quot;@context&quot;:{&quot;cnt&quot;:&quot;http://schema.pearson.com/ns/content/&quot;,&quot;bf&quot;:&quot;http://bibframe.org/vocab/&quot;,&quot;schema&quot;:&quot;http://schema.org/&quot;},&quot;@type&quot;:&quot;schema:Book&quot;,&quot;schema:name&quot;:&quot;Fundamentals¢ofÌHuman Resourceó ManagementÀ4/e (Review)&quot;,&quot;schema:keywords&quot;:[&quot;REVEL&quot;,&quot;Review&quot;],&quot;schema:description&quot;:&quot;Fundamentals ¿of Human Resourceó Management, 4/e&quot;,&quot;schema:author&quot;:[{&quot;@type&quot;:&quot;schema:Person&quot;,&quot;schema:familyName&quot;:&quot;GaryóDessler&quot;}],&quot;schema:brand&quot;:{&quot;@type&quot;:&quot;schema:Brand&quot;,&quot;schema:name&quot;:&quot;REVEL&quot;}},&quot;matchedFields&quot;:{&quot;schema:brand.schema:url&quot;:&quot;[http://pearsonhighered.com/&lt;em&gt;revel&lt;/em&gt;]&quot;,&quot;cnt:auxiliaryFields.image.catalog.url&quot;:&quot;[https://&lt;em&gt;revel&lt;/em&gt;-stg.pearson.com/eps/sanvan/api/item/d3e26667-9916-4e7d-8a30-aef85468a766/1/file/images/default_catalog.jpg]&quot;,&quot;schema:keywords&quot;:&quot;[&lt;em&gt;REVEL&lt;/em&gt;]&quot;,&quot;schema:brand.schema:name&quot;:&quot;[&lt;em&gt;REVEL&lt;/em&gt;]&quot;,&quot;cnt:auxiliaryFields._providerSystem.name.raw&quot;:&quot;[&lt;em&gt;revelStandalone&lt;/em&gt;]&quot;,&quot;cnt:auxiliaryFields._providerSystem.name&quot;:&quot;[&lt;em&gt;revelStandalone&lt;/em&gt;]&quot;}},{&quot;productId&quot;:&quot;4c3df19c-0a06-4d06-9a92-189ec2583c36-REV&quot;,&quot;source&quot;:{&quot;@context&quot;:{&quot;cnt&quot;:&quot;http://schema.pearson.com/ns/content/&quot;,&quot;bf&quot;:&quot;http://bibframe.org/vocab/&quot;,&quot;schema&quot;:&quot;http://schema.org/&quot;},&quot;@type&quot;:&quot;schema:Book&quot;,&quot;schema:name&quot;:&quot;Fundamentals¢ofÌHuman Resourceó ManagementÀ4/e (Review)&quot;,&quot;schema:keywords&quot;:[&quot;REVEL&quot;,&quot;Review&quot;],&quot;schema:description&quot;:&quot;Fundamentals ¿of Human Resourceó Management, 4/e&quot;,&quot;schema:author&quot;:[{&quot;@type&quot;:&quot;schema:Person&quot;,&quot;schema:familyName&quot;:&quot;GaryóDesslervenkat&quot;}],&quot;schema:brand&quot;:{&quot;@type&quot;:&quot;schema:Brand&quot;,&quot;schema:name&quot;:&quot;REVEL&quot;}},&quot;matchedFields&quot;:{&quot;schema:brand.schema:url&quot;:&quot;[http://pearsonhighered.com/&lt;em&gt;revel&lt;/em&gt;]&quot;,&quot;cnt:auxiliaryFields.image.catalog.url&quot;:&quot;[https://&lt;em&gt;revel&lt;/em&gt;-stg.pearson.com/eps/sanvan/api/item/d3e26667-9916-4e7d-8a30-aef85468a766/1/file/images/default_catalog.jpg]&quot;,&quot;schema:keywords&quot;:&quot;[&lt;em&gt;REVEL&lt;/em&gt;]&quot;,&quot;schema:brand.schema:name&quot;:&quot;[&lt;em&gt;REVEL&lt;/em&gt;]&quot;,&quot;cnt:auxiliaryFields._providerSystem.name.raw&quot;:&quot;[&lt;em&gt;revelStandalone&lt;/em&gt;]&quot;,&quot;cnt:auxiliaryFields._providerSystem.name&quot;:&quot;[&lt;em&gt;revelStandalone&lt;/em&gt;]&quot;}}]},{&quot;key&quot;:&quot;HiEd and INTL Interactives Demo (v1.0.4) by sandeep (Review)&quot;,&quot;count&quot;:2,&quot;productsList&quot;:[{&quot;productId&quot;:&quot;19992250-9432-11e5-b139-3141b4382a74-REV&quot;,&quot;source&quot;:{&quot;@context&quot;:{&quot;cnt&quot;:&quot;http://schema.pearson.com/ns/content/&quot;,&quot;bf&quot;:&quot;http://bibframe.org/vocab/&quot;,&quot;schema&quot;:&quot;http://schema.org/&quot;},&quot;@type&quot;:&quot;schema:Book&quot;,&quot;schema:name&quot;:&quot;HiEd and INTL Interactives Demo (v1.0.4) by sandeep (Review)&quot;,&quot;schema:keywords&quot;:[&quot;REVEL&quot;,&quot;Review&quot;],&quot;schema:description&quot;:&quot;fsvfdv&quot;,&quot;schema:author&quot;:[{&quot;@type&quot;:&quot;schema:Person&quot;,&quot;schema:familyName&quot;:&quot;Demo&quot;}],&quot;schema:brand&quot;:{&quot;@type&quot;:&quot;schema:Brand&quot;,&quot;schema:name&quot;:&quot;REVEL&quot;}},&quot;matchedFields&quot;:{&quot;schema:brand.schema:url&quot;:&quot;[http://pearsonhighered.com/&lt;em&gt;revel&lt;/em&gt;]&quot;,&quot;cnt:auxiliaryFields.image.catalog.url&quot;:&quot;[https://&lt;em&gt;revel&lt;/em&gt;-stg.pearson.com/eps/sanvan/api/item/d3e26667-9916-4e7d-8a30-aef85468a766/1/file/images/default_catalog.jpg]&quot;,&quot;schema:keywords&quot;:&quot;[&lt;em&gt;REVEL&lt;/em&gt;]&quot;,&quot;schema:brand.schema:name&quot;:&quot;[&lt;em&gt;REVEL&lt;/em&gt;]&quot;,&quot;cnt:auxiliaryFields._providerSystem.name.raw&quot;:&quot;[&lt;em&gt;revelStandalone&lt;/em&gt;]&quot;,&quot;cnt:auxiliaryFields._providerSystem.name&quot;:&quot;[&lt;em&gt;revelStandalone&lt;/em&gt;]&quot;}},{&quot;productId&quot;:&quot;28bec930-9caf-11e5-96a3-23e97337c4a2-REV&quot;,&quot;source&quot;:{&quot;@context&quot;:{&quot;cnt&quot;:&quot;http://schema.pearson.com/ns/content/&quot;,&quot;bf&quot;:&quot;http://bibframe.org/vocab/&quot;,&quot;schema&quot;:&quot;http://schema.org/&quot;},&quot;@type&quot;:&quot;schema:Book&quot;,&quot;schema:name&quot;:&quot;HiEd and INTL Interactives Demo (v1.0.4) by sandeep (Review)&quot;,&quot;schema:keywords&quot;:[&quot;REVEL&quot;,&quot;Review&quot;],&quot;schema:description&quot;:&quot;dzcsdzcsdc&quot;,&quot;schema:author&quot;:[{&quot;@type&quot;:&quot;schema:Person&quot;,&quot;schema:familyName&quot;:&quot;Demo&quot;}],&quot;schema:brand&quot;:{&quot;@type&quot;:&quot;schema:Brand&quot;,&quot;schema:name&quot;:&quot;REVEL&quot;}},&quot;matchedFields&quot;:{&quot;schema:brand.schema:url&quot;:&quot;[http://pearsonhighered.com/&lt;em&gt;revel&lt;/em&gt;]&quot;,&quot;cnt:auxiliaryFields.image.catalog.url&quot;:&quot;[https://&lt;em&gt;revel&lt;/em&gt;-stg.pearson.com/eps/sanvan/api/item/d3e26667-9916-4e7d-8a30-aef85468a766/1/file/images/default_catalog.jpg]&quot;,&quot;schema:keywords&quot;:&quot;[&lt;em&gt;REVEL&lt;/em&gt;]&quot;,&quot;schema:brand.schema:name&quot;:&quot;[&lt;em&gt;REVEL&lt;/em&gt;]&quot;,&quot;cnt:auxiliaryFields._providerSystem.name.raw&quot;:&quot;[&lt;em&gt;revelStandalone&lt;/em&gt;]&quot;,&quot;cnt:auxiliaryFields._providerSystem.name&quot;:&quot;[&lt;em&g
[...]
":[{"@type":"schema:Person","schema:familyName":"Bowers"}],"schema:brand":{"@type":"schema:Brand","schema:name":"REVEL"}},"matchedFields":{"schema:brand.schema:url":"[http://pearsonhighered.com/<em>revel</em>]","cnt:auxiliaryFields.image.catalog.url":"[https://<em>revel</em>-stg.pearson.com/eps/sanvan/api/item/07ccab01-6e97-4a43-be25-e7c742238e24/100/file/liang-051216-pr/OPS/public/images/catalog.jpg]","schema:keywords":"[<em>REVEL</em>]","schema:brand.schema:name":"[<em>REVEL</em>]","cnt:auxiliaryFields._providerSystem.name.raw":"[<em>revelStandalone</em>]","cnt:auxiliaryFields._providerSystem.name":"[<em>revelStandalone</em>]"}},{"productId":"021f843f-3911-4747-809a-15ed1a4d86ee-REV","source":{"@context":{"cnt":"http://schema.pearson.com/ns/content/","bf":"http://bibframe.org/vocab/","schema":"http://schema.org/"},"@type":"schema:Book","schema:name":"Liang Intro to Java 10e Spring 2016 (Review)","schema:keywords":["REVEL","Review"],"schema:description":"Liang Intro to Java 10e Spring 2016","schema:author":[{"@type":"schema:Person","schema:familyName":"Liang"}],"schema:brand":{"@type":"schema:Brand","schema:name":"REVEL"}},"matchedFields":{"schema:brand.schema:url":"[http://pearsonhighered.com/<em>revel</em>]","cnt:auxiliaryFields.image.catalog.url":"[https://<em>revel</em>-stg.pearson.com/eps/sanvan/api/item/110926c0-dfe7-11e5-899d-71ede33f376c/100/file/liang-021116-pr/OPS/public/images/catalog.jpg]","schema:keywords":"[<em>REVEL</em>]","schema:brand.schema:name":"[<em>REVEL</em>]","cnt:auxiliaryFields._providerSystem.name.raw":"[<em>revelStandalone</em>]","cnt:auxiliaryFields._providerSystem.name":"[<em>revelStandalone</em>]"}}]},{"key":"Out of Many, A History of the American People, Combined Volume, 8e (Review)","count":2,"productsList":[{"productId":"0bc3d039-7fb7-47dc-bf71-3f4c5abcd02d-REV","source":{"@context":{"cnt":"http://schema.pearson.com/ns/content/","bf":"http://bibframe.org/vocab/","schema":"http://schema.org/"},"@type":"schema:Book","schema:name":"Out of Many, A History of the American People, Combined Volume, 8e (Review)","schema:keywords":["REVEL","Review"],"schema:description":"Out of Many, A History of the American People, Combined Volume, 8e","schema:author":[{"@type":"schema:Person","schema:familyName":"John Mack Faragher, Mari Jo Buhle, Daniel Czitrom, Susan H. Armitage"}],"schema:brand":{"@type":"schema:Brand","schema:name":"REVEL"}},"matchedFields":{"schema:brand.schema:url":"[http://pearsonhighered.com/<em>revel</em>]","cnt:auxiliaryFields.image.catalog.url":"[https://<em>revel</em>-stg.pearson.com/eps/sanvan/api/item/70f3f9bc-ffa5-4e21-bd15-6663905aa301/104/file/faragher_combined_082515/OPS/public/images/catalog.jpg]","schema:keywords":"[<em>REVEL</em>]","schema:brand.schema:name":"[<em>REVEL</em>]","cnt:auxiliaryFields._providerSystem.name.raw":"[<em>revelStandalone</em>]","cnt:auxiliaryFields._providerSystem.name":"[<em>revelStandalone</em>]"}},{"productId":"f3fa2c30-bfdb-11e5-9688-3bf4bdf0812c-REV","source":{"@context":{"cnt":"http://schema.pearson.com/ns/content/","bf":"http://bibframe.org/vocab/","schema":"http://schema.org/"},"@type":"schema:Book","schema:name":"Out of Many, A History of the American People, Combined Volume, 8e (Review)","schema:keywords":["REVEL","Review"],"schema:description":"Out of Many, A History of the American People, Combined Volume, 8e","schema:author":[{"@type":"schema:Person","schema:familyName":"John Mack Faragher, Mari Jo Buhle, Daniel Czitrom, Susan H. Armitage"}],"schema:brand":{"@type":"schema:Brand","schema:name":"REVEL"}},"matchedFields":{"schema:brand.schema:url":"[http://pearsonhighered.com/<em>revel</em>]","cnt:auxiliaryFields.image.catalog.url":"[https://<em>revel</em>-stg.pearson.com/eps/sanvan/api/item/f3fa2c30-bfdb-11e5-9688-3bf4bdf0812c/100/file/faragher-oom-8e_v4a_121015/OPS/public/images/catalog.jpg]","schema:keywords":"[<em>REVEL</em>]","schema:brand.schema:name":"[<em>REVEL</em>]","cnt:auxiliaryFields._providerSystem.name.raw":"[<em>revelStandalone</em>]","cnt:auxiliaryFields._providerSystem.name":"[<em>revelStandalone</em>]"}}]},{"key":"Parthi test Brix QA (Review)","count":2,"productsList":[{"productId":"080670f0-8fc4-11e5-9dce-5fdb763f63bd-REV","source":{"@context":{"cnt":"http://schema.pearson.com/ns/content/","bf":"http://bibframe.org/vocab/","schema":"http://schema.org/"},"@type":"schema:Book","schema:name":"Parthi test Brix QA (Review)","schema:keywords":["REVEL","Review"],"schema:description":"Parthi test Brix QA","schema:author":[{"@type":"schema:Person","schema:familyName":"Jason Josselyn"}],"schema:brand":{"@type":"schema:Brand","schema:name":"REVEL"}},"matchedFields":{"schema:brand.schema:url":"[http://pearsonhighered.com/<em>revel</em>]","cnt:auxiliaryFields.image.catalog.url":"[https://<em>revel</em>-stg.pearson.com/eps/sanvan/api/item/031d006e-0705-4276-a3aa-d5a21eb8d538/100/file/<em>revel</em>-habitat-test-title/OPS/public/images/catalog.jpg]","schema:keywords":"[<em>REVEL</em>]","schema:brand.schema:name":"[<em>REVEL</em>]","cnt:auxiliaryFields._providerSystem.name.raw":"[<em>revelStandalone</em>]","cnt:auxiliaryFields._providerSystem.name":"[<em>revelStandalone</em>]"}},{"productId":"7a2208e0-9fc6-11e5-8302-61f894553195-REV","source":{"@context":{"cnt":"http://schema.pearson.com/ns/content/","bf":"http://bibframe.org/vocab/","schema":"http://schema.org/"},"@type":"schema:Book","schema:name":"Parthi test Brix QA (Review)","schema:keywords":["REVEL","Review"],"schema:description":"Parthi test Brix QA","schema:author":[{"@type":"schema:Person","schema:familyName":"Jason Josselyn"}],"schema:brand":{"@type":"schema:Brand","schema:name":"REVEL"}},"matchedFields":{"schema:brand.schema:url":"[http://pearsonhighered.com/<em>revel</em>]","cnt:auxiliaryFields.image.catalog.url":"[https://<em>revel</em>-stg.pearson.com/eps/sanvan/api/item/09a02561-854f-4f0a-9261-c48477315c1f/100/file/<em>revel</em>-habitat-test-title/OPS/public/images/catalog.jpg]","schema:keywords":"[<em>REVEL</em>]","schema:brand.schema:name":"[<em>REVEL</em>]","cnt:auxiliaryFields._providerSystem.name.raw":"[<em>revelStandalone</em>]","cnt:auxiliaryFields._providerSystem.name":"[<em>revelStandalone</em>]"}}]},{"key":"Parthi-11-9-2015-Brix QA (Review)","count":2,"productsList":[{"productId":"fec4fdd0-8704-11e5-b8c6-35a7a09a182d-REV","source":{"@context":{"cnt":"http://schema.pearson.com/ns/content/","bf":"http://bibframe.org/vocab/","schema":"http://schema.org/"},"@type":"schema:Book","schema:name":"Parthi-11-9-2015-Brix QA (Review)","schema:keywords":["REVEL","Review"],"schema:description":"test","schema:author":[{"@type":"schema:Person","schema:familyName":"Jason Josselyn"}],"schema:brand":{"@type":"schema:Brand","schema:name":"REVEL"}},"matchedFields":{"schema:brand.schema:url":"[http://pearsonhighered.com/<em>revel</em>]","cnt:auxiliaryFields.image.catalog.url":"[https://<em>revel</em>-qa-stg.pearson.com/eps/sanvan/api/item/24c768a0-e755-43e0-8427-4600f2d515da/100/file/<em>revel</em>-habitat-test-title/OPS/public/images/catalog.jpg]","schema:keywords":"[<em>REVEL</em>]","schema:brand.schema:name":"[<em>REVEL</em>]","cnt:auxiliaryFields._providerSystem.name.raw":"[<em>revelStandalone</em>]","cnt:auxiliaryFields._providerSystem.name":"[<em>revelStandalone</em>]"}},{"productId":"fec4fdd0-8704-11e5-b8c6-35a7a09a1822-REV","source":{"@context":{"cnt":"http://schema.pearson.com/ns/content/","bf":"http://bibframe.org/vocab/","schema":"http://schema.org/"},"@type":"schema:Book","schema:name":"Parthi-11-9-2015-Brix QA (Review)","schema:keywords":["REVEL","Review"],"schema:description":"test","schema:author":[{"@type":"schema:Person","schema:familyName":"Jason Josselyn"}],"schema:brand":{"@type":"schema:Brand","schema:name":"REVEL"}},"matchedFields":{"schema:brand.schema:url":"[http://pearsonhighered.com/<em>revel</em>]","cnt:auxiliaryFields.image.catalog.url":"[https://<em>revel</em>-qa-stg.pearson.com/eps/sanvan/api/item/24c768a0-e755-43e0-8427-4600f2d515da/100/file/<em>revel</em>-habitat-test-title/OPS/public/images/catalog.jpg]","schema:keywords":"[<em>REVEL</em>]","schema:brand.schema:name":"[<em>REVEL</em>]","cnt:auxiliaryFields._providerSystem.name.raw":"[<em>revelStandalone</em>]","cnt:auxiliaryFields._providerSystem.name":"[<em>revelStandalone</em>]"}}]}]}]
	at com.pearson.regression.utilityHelpers.AssertValidation.fail(AssertValidation.java:97)
	at com.pearson.regression.utilityHelpers.AssertValidation.failNotEquals(AssertValidation.java:501)
	at com.pearson.regression.utilityHelpers.AssertValidation.assertEquals(AssertValidation.java:128)
	at com.pearson.regression.utilityHelpers.AssertValidation.assertEquals(AssertValidation.java:171)
	at com.pearson.regression.utilityHelpers.ResponseValidator.compareJsonResponse(ResponseValidator.java:70)
	at com.pearson.pageobjects.V2SearchSingleFacetRequest.postInvalidValueinHeader(V2SearchSingleFacetRequest.java:90)
	at com.pearson.tests.TC003_V2SearchSingleFacetTest.invalidValueinHeader(TC003_V2SearchSingleFacetTest.java:241)
	at sun.reflect.NativeMethodAccessorImpl.invoke0(Native Method)
	at sun.reflect.NativeMethodAccessorImpl.invoke(Unknown Source)
	at sun.reflect.DelegatingMethodAccessorImpl.invoke(Unknown Source)
	at java.lang.reflect.Method.invoke(Unknown Source)
	at org.testng.internal.MethodInvocationHelper.invokeMethod(MethodInvocationHelper.java:84)
	at org.testng.internal.Invoker.invokeMethod(Invoker.java:714)
	at org.testng.internal.Invoker.invokeTestMethod(Invoker.java:901)
	at org.testng.internal.Invoker.invokeTestMethods(Invoker.java:1231)
	at org.testng.internal.TestMethodWorker.invokeTestMethods(TestMethodWorker.java:127)
	at org.testng.internal.TestMethodWorker.run(TestMethodWorker.java:111)
	at org.testng.TestRunner.privateRun(TestRunner.java:767)
	at org.testng.TestRunner.run(TestRunner.java:617)
	at org.testng.SuiteRunner.runTest(SuiteRunner.java:348)
	at org.testng.SuiteRunner.runSequentially(SuiteRunner.java:343)
	at org.testng.SuiteRunner.privateRun(SuiteRunner.java:305)
	at org.testng.SuiteRunner.run(SuiteRunner.java:254)
	at org.testng.SuiteRunnerWorker.runSuite(SuiteRunnerWorker.java:52)
	at org.testng.SuiteRunnerWorker.run(SuiteRunnerWorker.java:86)
	at org.testng.TestNG.runSuitesSequentially(TestNG.java:1224)
	at org.testng.TestNG.runSuitesLocally(TestNG.java:1149)
	at org.testng.TestNG.run(TestNG.java:1057)
	at org.testng.remote.AbstractRemoteTestNG.run(AbstractRemoteTestNG.java:126)
	at org.testng.remote.RemoteTestNG.initAndRun(RemoteTestNG.java:152)
	at org.testng.remote.RemoteTestNG.main(RemoteTestNG.java:57)
]]>
    </error>
  </testcase> <!-- invalidValueinHeader -->
  <testcase name="logicalOperator_V2SearchSingleFacet_POST" time="3.643" classname="com.pearson.tests.TC003_V2SearchSingleFacetTest"/>
  <testcase name="logicalOperator_V2SearchSingleFacet_GET" time="6.832" classname="com.pearson.tests.TC003_V2SearchSingleFacetTest"/>
  <testcase name="logicalOperator_V2SearchSingleFacet_GET" time="5.943" classname="com.pearson.tests.TC003_V2SearchSingleFacetTest"/>
  <testcase name="specificFielsAndLogic_V2SearchSingleFacet_POST" time="7.158" classname="com.pearson.tests.TC003_V2SearchSingleFacetTest"/>
  <testcase name="logicalOperator_V2SearchSingleFacet_POST" time="11.141" classname="com.pearson.tests.TC003_V2SearchSingleFacetTest"/>
  <testcase name="multiSpecificField_V2SearchSingleFacet_POST" time="3.184" classname="com.pearson.tests.TC003_V2SearchSingleFacetTest"/>
  <testcase name="singleSpecificField_V2SearchSingleFacet_GET" time="3.188" classname="com.pearson.tests.TC003_V2SearchSingleFacetTest"/>
  <testcase name="multipleSpecificFieldWildCard_V2SearchSingleFacet_GET" time="10.231" classname="com.pearson.tests.TC003_V2SearchSingleFacetTest"/>
  <testcase name="multiSpecificField_V2SearchSingleFacet_POST_SchemaValidate" time="4.589" classname="com.pearson.tests.TC003_V2SearchSingleFacetTest"/>
  <testcase name="specificFielsAndLogic_V2SearchSingleFacet_POST" time="3.094" classname="com.pearson.tests.TC003_V2SearchSingleFacetTest"/>
  <testcase name="logicalOperator_V2SearchSingleFacet_POST" time="9.857" classname="com.pearson.tests.TC003_V2SearchSingleFacetTest"/>
  <testcase name="multipleSpecificFieldWildCard_V2SearchSingleFacet_GET" time="12.503" classname="com.pearson.tests.TC003_V2SearchSingleFacetTest"/>
  <testcase name="logicalOperator_V2SearchSingleFacet_POST" time="4.107" classname="com.pearson.tests.TC003_V2SearchSingleFacetTest"/>
  <testcase name="specificFielsAndLogic_V2SearchSingleFacet_POST" time="3.085" classname="com.pearson.tests.TC003_V2SearchSingleFacetTest"/>
  <testcase name="singleSpecificField_V2SearchSingleFacet_GET" time="3.264" classname="com.pearson.tests.TC003_V2SearchSingleFacetTest"/>
  <testcase name="logicalOperator_V2SearchSingleFacet_POST" time="3.830" classname="com.pearson.tests.TC003_V2SearchSingleFacetTest"/>
  <testcase name="multiSpecificField_V2SearchSingleFacet_POST_SchemaValidate" time="4.798" classname="com.pearson.tests.TC003_V2SearchSingleFacetTest"/>
  <testcase name="multipleSpecificFieldWildCard_V2SearchSingleFacet_POST" time="3.186" classname="com.pearson.tests.TC003_V2SearchSingleFacetTest"/>
  <testcase name="multipleSpecificFieldWildCard_V2SearchSingleFacet_GET" time="3.273" classname="com.pearson.tests.TC003_V2SearchSingleFacetTest"/>
  <testcase name="logicalOperator_V2SearchSingleFacet_POST" time="3.218" classname="com.pearson.tests.TC003_V2SearchSingleFacetTest"/>
  <testcase name="logicalOperator_V2SearchSingleFacet_GET" time="4.756" classname="com.pearson.tests.TC003_V2SearchSingleFacetTest"/>
  <testcase name="specificFielsAndLogic_V2SearchSingleFacet_POST" time="3.192" classname="com.pearson.tests.TC003_V2SearchSingleFacetTest"/>
  <testcase name="logicalOperator_V2SearchSingleFacet_GET" time="6.855" classname="com.pearson.tests.TC003_V2SearchSingleFacetTest"/>
  <testcase name="logicalOperator_V2SearchSingleFacet_GET" time="11.026" classname="com.pearson.tests.TC003_V2SearchSingleFacetTest"/>
  <testcase name="specificFielsAndLogic_V2SearchSingleFacet_POST" time="7.671" classname="com.pearson.tests.TC003_V2SearchSingleFacetTest"/>
  <testcase name="logicalOperator_V2SearchSingleFacet_GET" time="3.276" classname="com.pearson.tests.TC003_V2SearchSingleFacetTest"/>
  <testcase name="logicalOperator_V2SearchSingleFacet_GET" time="3.239" classname="com.pearson.tests.TC003_V2SearchSingleFacetTest"/>
  <testcase name="logicalOperator_V2SearchSingleFacet_GET" time="3.964" classname="com.pearson.tests.TC003_V2SearchSingleFacetTest"/>
  <testcase name="singleSpecificField_V2SearchSingleFacet_GET" time="3.168" classname="com.pearson.tests.TC003_V2SearchSingleFacetTest"/>
  <testcase name="logicalOperator_V2SearchSingleFacet_POST" time="7.491" classname="com.pearson.tests.TC003_V2SearchSingleFacetTest"/>
  <testcase name="multipleSpecificFieldWildCard_exactPharse_V2SearchSingleFacet_GET" time="3.273" classname="com.pearson.tests.TC003_V2SearchSingleFacetTest"/>
  <testcase name="specificFielsAndLogic_V2SearchSingleFacet_POST" time="3.194" classname="com.pearson.tests.TC003_V2SearchSingleFacetTest"/>
  <testcase name="logicalOperator_V2SearchSingleFacet_GET" time="3.203" classname="com.pearson.tests.TC003_V2SearchSingleFacetTest"/>
  <testcase name="multipleSpecificFieldWildCard_V2SearchSingleFacet_GET" time="3.826" classname="com.pearson.tests.TC003_V2SearchSingleFacetTest"/>
  <testcase name="logicalOperator_V2SearchSingleFacet_POST" time="3.228" classname="com.pearson.tests.TC003_V2SearchSingleFacetTest"/>
  <testcase name="logicalOperator_V2SearchSingleFacet_POST" time="3.345" classname="com.pearson.tests.TC003_V2SearchSingleFacetTest"/>
  <testcase name="singleSpecificField_V2SearchSingleFacet_GET" time="3.191" classname="com.pearson.tests.TC003_V2SearchSingleFacetTest"/>
  <testcase name="multipleSpecificFieldWildCard_V2SearchSingleFacet_POST" time="5.527" classname="com.pearson.tests.TC003_V2SearchSingleFacetTest"/>
  <testcase name="logicalOperator_V2SearchSingleFacet_GET" time="3.189" classname="com.pearson.tests.TC003_V2SearchSingleFacetTest"/>
  <testcase name="multipleSpecificFieldWildCard_V2SearchSingleFacet_POST" time="5.513" classname="com.pearson.tests.TC003_V2SearchSingleFacetTest"/>
  <testcase name="specificFielsAndLogic_V2SearchSingleFacet_POST" time="3.499" classname="com.pearson.tests.TC003_V2SearchSingleFacetTest">
    <error type="java.lang.AssertionError" message="For input string: &quot;/csg/api/v2/search&quot;">
      <![CDATA[java.lang.AssertionError: For input string: "/csg/api/v2/search"
	at org.testng.Assert.fail(Assert.java:83)
	at com.pearson.tests.TC003_V2SearchSingleFacetTest.specificFielsAndLogic_V2SearchSingleFacet_POST(TC003_V2SearchSingleFacetTest.java:95)
	at sun.reflect.GeneratedMethodAccessor202.invoke(Unknown Source)
	at sun.reflect.DelegatingMethodAccessorImpl.invoke(Unknown Source)
	at java.lang.reflect.Method.invoke(Unknown Source)
	at org.testng.internal.MethodInvocationHelper.invokeMethod(MethodInvocationHelper.java:84)
	at org.testng.internal.Invoker.invokeMethod(Invoker.java:714)
	at org.testng.internal.Invoker.invokeTestMethod(Invoker.java:901)
	at org.testng.internal.Invoker.invokeTestMethods(Invoker.java:1231)
	at org.testng.internal.TestMethodWorker.invokeTestMethods(TestMethodWorker.java:127)
	at org.testng.internal.TestMethodWorker.run(TestMethodWorker.java:111)
	at org.testng.TestRunner.privateRun(TestRunner.java:767)
	at org.testng.TestRunner.run(TestRunner.java:617)
	at org.testng.SuiteRunner.runTest(SuiteRunner.java:348)
	at org.testng.SuiteRunner.runSequentially(SuiteRunner.java:343)
	at org.testng.SuiteRunner.privateRun(SuiteRunner.java:305)
	at org.testng.SuiteRunner.run(SuiteRunner.java:254)
	at org.testng.SuiteRunnerWorker.runSuite(SuiteRunnerWorker.java:52)
	at org.testng.SuiteRunnerWorker.run(SuiteRunnerWorker.java:86)
	at org.testng.TestNG.runSuitesSequentially(TestNG.java:1224)
	at org.testng.TestNG.runSuitesLocally(TestNG.java:1149)
	at org.testng.TestNG.run(TestNG.java:1057)
	at org.testng.remote.AbstractRemoteTestNG.run(AbstractRemoteTestNG.java:126)
	at org.testng.remote.RemoteTestNG.initAndRun(RemoteTestNG.java:152)
	at org.testng.remote.RemoteTestNG.main(RemoteTestNG.java:57)
Caused by: java.lang.NumberFormatException: For input string: "/csg/api/v2/search"
	at java.lang.NumberFormatException.forInputString(Unknown Source)
	at java.lang.Integer.parseInt(Unknown Source)
	at java.lang.Integer.parseInt(Unknown Source)
	at com.pearson.pageobjects.V2SearchSingleFacetRequest.postSpecificFielsAndLogicResponseValidate_SF(V2SearchSingleFacetRequest.java:184)
	at com.pearson.tests.TC003_V2SearchSingleFacetTest.specificFielsAndLogic_V2SearchSingleFacet_POST(TC003_V2SearchSingleFacetTest.java:90)
	... 23 more
]]>
    </error>
  </testcase> <!-- specificFielsAndLogic_V2SearchSingleFacet_POST -->
  <testcase name="singleSpecificField_V2SearchSingleFacet_GET" time="7.012" classname="com.pearson.tests.TC003_V2SearchSingleFacetTest"/>
  <testcase name="multipleSpecificFieldWildCard_V2SearchSingleFacet_POST" time="12.200" classname="com.pearson.tests.TC003_V2SearchSingleFacetTest"/>
  <testcase name="logicalOperator_V2SearchSingleFacet_GET" time="3.196" classname="com.pearson.tests.TC003_V2SearchSingleFacetTest"/>
  <testcase name="specificFielsAndLogic_V2SearchSingleFacet_POST" time="3.128" classname="com.pearson.tests.TC003_V2SearchSingleFacetTest"/>
  <testcase name="logicalOperator_V2SearchSingleFacet_GET" time="5.328" classname="com.pearson.tests.TC003_V2SearchSingleFacetTest"/>
  <testcase name="singleSpecificField_V2SearchSingleFacet_GET" time="3.125" classname="com.pearson.tests.TC003_V2SearchSingleFacetTest"/>
  <testcase name="singleSpecificField_V2SearchSingleFacet_GET" time="17.507" classname="com.pearson.tests.TC003_V2SearchSingleFacetTest"/>
  <testcase name="multipleSpecificFieldWildCard_V2SearchSingleFacet_GET" time="5.483" classname="com.pearson.tests.TC003_V2SearchSingleFacetTest"/>
</testsuite> <!-- com.pearson.tests.TC003_V2SearchSingleFacetTest -->
